#
# There is insufficient memory for the Java Runtime Environment to continue.
# Native memory allocation (malloc) failed to allocate 3045408 bytes for Chunk::new
# Possible reasons:
#   The system is out of physical RAM or swap space
#   The process is running with CompressedOops enabled, and the Java Heap may be blocking the growth of the native heap
# Possible solutions:
#   Reduce memory load on the system
#   Increase physical memory or swap space
#   Check if swap backing store is full
#   Decrease Java heap size (-Xmx/-Xms)
#   Decrease number of Java threads
#   Decrease Java thread stack sizes (-Xss)
#   Set larger code cache with -XX:ReservedCodeCacheSize=
#   JVM is running with Unscaled Compressed Oops mode in which the Java heap is
#     placed in the first 4GB address space. The Java Heap base address is the
#     maximum limit for the native heap growth. Please use -XX:HeapBaseMinAddress
#     to set the Java Heap base and to place the Java Heap above 4GB virtual address.
# This output file may be truncated or incomplete.
#
#  Out of Memory Error (allocation.cpp:389), pid=5656, tid=0x0000000000000724
#
# JRE version: OpenJDK Runtime Environment (8.0_242-b01) (build 1.8.0_242-release-1644-b01)
# Java VM: OpenJDK 64-Bit Server VM (25.242-b01 mixed mode windows-amd64 compressed oops)
# Failed to write core dump. Minidumps are not enabled by default on client versions of Windows
#

---------------  T H R E A D  ---------------

Current thread (0x00000000174eb000):  JavaThread "C2 CompilerThread1" daemon [_thread_in_native, id=1828, stack(0x0000000018c40000,0x0000000018d40000)]

Stack: [0x0000000018c40000,0x0000000018d40000]
[error occurred during error reporting (printing stack bounds), id 0xc0000005]

Native frames: (J=compiled Java code, j=interpreted, Vv=VM code, C=native code)


Current CompileTask:
C2:  22908 10891 %     4       com.android.tools.r8.z.a.a.f::a @ 1743 (3630 bytes)


---------------  P R O C E S S  ---------------

Java Threads: ( => current thread )
  0x000000001e3de000 JavaThread "WorkerExecutor Queue Thread 5" [_thread_blocked, id=9072, stack(0x000000002c170000,0x000000002c270000)]
  0x000000001e3dc000 JavaThread "WorkerExecutor Queue Thread 4" [_thread_blocked, id=5100, stack(0x000000002c070000,0x000000002c170000)]
  0x000000001e3e0800 JavaThread "WorkerExecutor Queue Thread 3" [_thread_in_native, id=11232, stack(0x000000002bf70000,0x000000002c070000)]
  0x000000001e3db000 JavaThread "Cache worker for Java compile cache (C:\Users\home\Desktop\MAD\DeliveryManage\.gradle\6.5\javaCompile)" [_thread_blocked, id=10540, stack(0x000000002ba70000,0x000000002bb70000)]
  0x000000001e3d9000 JavaThread "Cache worker for Java compile cache (C:\Users\home\.gradle\caches\6.5\javaCompile)" [_thread_blocked, id=10816, stack(0x000000002b470000,0x000000002b570000)]
  0x000000001e3da800 JavaThread "stdout" [_thread_in_native, id=6988, stack(0x000000002b770000,0x000000002b870000)]
  0x000000001e3d9800 JavaThread "stderr" [_thread_in_native, id=6512, stack(0x000000002b670000,0x000000002b770000)]
  0x000000001e3d6800 JavaThread "pool-2-thread-1" [_thread_blocked, id=1940, stack(0x000000002b570000,0x000000002b670000)]
  0x000000001e3d6000 JavaThread "WorkerExecutor Queue" [_thread_blocked, id=2172, stack(0x000000002ac40000,0x000000002ad40000)]
  0x000000001e3d7800 JavaThread "Cache worker for execution history cache (C:\Users\home\Desktop\MAD\DeliveryManage\.gradle\6.5\executionHistory)" [_thread_blocked, id=10752, stack(0x000000002ad70000,0x000000002ae70000)]
  0x000000001b82e000 JavaThread "Execution worker for ':' Thread 3" [_thread_blocked, id=7748, stack(0x000000002ab40000,0x000000002ac40000)]
  0x000000001b82f000 JavaThread "Execution worker for ':' Thread 2" [_thread_blocked, id=4328, stack(0x000000002aa40000,0x000000002ab40000)]
  0x000000001b82d800 JavaThread "Execution worker for ':'" [_thread_blocked, id=8748, stack(0x000000002a940000,0x000000002aa40000)]
  0x000000001b82c800 JavaThread "Cache worker for file content cache (C:\Users\home\Desktop\MAD\DeliveryManage\.gradle\6.5\fileContent)" [_thread_blocked, id=12248, stack(0x0000000028ba0000,0x0000000028ca0000)]
  0x000000001b833800 JavaThread "Memory manager" [_thread_blocked, id=8836, stack(0x0000000028800000,0x0000000028900000)]
  0x000000001b82b800 JavaThread "Cache worker for Build Output Cleanup Cache (C:\Users\home\Desktop\MAD\DeliveryManage\.gradle\buildOutputCleanup)" [_thread_blocked, id=12044, stack(0x0000000027680000,0x0000000027780000)]
  0x000000001b82f800 JavaThread "jar transforms Thread 92" [_thread_blocked, id=6188, stack(0x0000000028100000,0x0000000028200000)]
  0x000000001b832000 JavaThread "jar transforms Thread 91" [_thread_blocked, id=11352, stack(0x0000000028000000,0x0000000028100000)]
  0x000000001b830800 JavaThread "jar transforms Thread 90" [_thread_blocked, id=2080, stack(0x0000000027f00000,0x0000000028000000)]
  0x000000001b831000 JavaThread "jar transforms Thread 89" [_thread_blocked, id=11808, stack(0x0000000027e00000,0x0000000027f00000)]
  0x000000001b824000 JavaThread "jar transforms Thread 88" [_thread_blocked, id=4160, stack(0x0000000027d00000,0x0000000027e00000)]
  0x000000001b82b000 JavaThread "jar transforms Thread 87" [_thread_blocked, id=5428, stack(0x0000000027c00000,0x0000000027d00000)]
  0x000000001b82a000 JavaThread "jar transforms Thread 86" [_thread_blocked, id=1932, stack(0x0000000027b00000,0x0000000027c00000)]
  0x000000001b828800 JavaThread "jar transforms Thread 85" [_thread_blocked, id=9684, stack(0x0000000027a00000,0x0000000027b00000)]
  0x000000001b827000 JavaThread "jar transforms Thread 84" [_thread_blocked, id=11208, stack(0x0000000027900000,0x0000000027a00000)]
  0x000000001b826800 JavaThread "jar transforms Thread 83" [_thread_blocked, id=8356, stack(0x0000000027800000,0x0000000027900000)]
  0x000000001b825800 JavaThread "jar transforms Thread 82" [_thread_blocked, id=11780, stack(0x0000000023740000,0x0000000023840000)]
  0x000000001b829800 JavaThread "jar transforms Thread 81" [_thread_blocked, id=9548, stack(0x0000000027580000,0x0000000027680000)]
  0x000000001b828000 JavaThread "jar transforms Thread 80" [_thread_blocked, id=4356, stack(0x0000000027480000,0x0000000027580000)]
  0x000000001b825000 JavaThread "jar transforms Thread 79" [_thread_blocked, id=10912, stack(0x0000000027380000,0x0000000027480000)]
  0x000000001dc8d800 JavaThread "jar transforms Thread 78" [_thread_blocked, id=3324, stack(0x0000000027280000,0x0000000027380000)]
  0x000000001dc8d000 JavaThread "jar transforms Thread 77" [_thread_blocked, id=9056, stack(0x0000000027180000,0x0000000027280000)]
  0x000000001dc8c000 JavaThread "jar transforms Thread 76" [_thread_blocked, id=1532, stack(0x0000000027080000,0x0000000027180000)]
  0x000000001dc8e800 JavaThread "jar transforms Thread 75" [_thread_blocked, id=8204, stack(0x0000000026f80000,0x0000000027080000)]
  0x000000001dc8f000 JavaThread "jar transforms Thread 74" [_thread_blocked, id=5472, stack(0x0000000026e80000,0x0000000026f80000)]
  0x000000001dc87000 JavaThread "jar transforms Thread 73" [_thread_blocked, id=11832, stack(0x0000000026d80000,0x0000000026e80000)]
  0x000000001dc8a800 JavaThread "jar transforms Thread 72" [_thread_blocked, id=9976, stack(0x0000000026c80000,0x0000000026d80000)]
  0x000000001dc8b800 JavaThread "jar transforms Thread 71" [_thread_blocked, id=9944, stack(0x0000000026b80000,0x0000000026c80000)]
  0x000000001dc83000 JavaThread "jar transforms Thread 70" [_thread_blocked, id=4684, stack(0x0000000026a80000,0x0000000026b80000)]
  0x000000001dc89000 JavaThread "jar transforms Thread 69" [_thread_blocked, id=11748, stack(0x0000000026980000,0x0000000026a80000)]
  0x000000001dc8a000 JavaThread "jar transforms Thread 68" [_thread_blocked, id=7060, stack(0x0000000026880000,0x0000000026980000)]
  0x000000001dc81800 JavaThread "jar transforms Thread 67" [_thread_blocked, id=8552, stack(0x0000000026780000,0x0000000026880000)]
  0x000000001dc86000 JavaThread "jar transforms Thread 66" [_thread_blocked, id=4816, stack(0x0000000026680000,0x0000000026780000)]
  0x000000001dc84800 JavaThread "jar transforms Thread 65" [_thread_blocked, id=11584, stack(0x0000000026580000,0x0000000026680000)]
  0x000000001dc84000 JavaThread "jar transforms Thread 64" [_thread_blocked, id=10528, stack(0x0000000026480000,0x0000000026580000)]
  0x000000001dc87800 JavaThread "jar transforms Thread 63" [_thread_blocked, id=5952, stack(0x0000000026380000,0x0000000026480000)]
  0x000000001dc88800 JavaThread "jar transforms Thread 62" [_thread_blocked, id=10244, stack(0x0000000026280000,0x0000000026380000)]
  0x000000001dc85800 JavaThread "jar transforms Thread 61" [_thread_blocked, id=824, stack(0x0000000026180000,0x0000000026280000)]
  0x000000001dc81000 JavaThread "jar transforms Thread 60" [_thread_blocked, id=6308, stack(0x0000000026080000,0x0000000026180000)]
  0x000000001dc80000 JavaThread "jar transforms Thread 59" [_thread_blocked, id=7744, stack(0x0000000025f80000,0x0000000026080000)]
  0x000000001dc82800 JavaThread "jar transforms Thread 58" [_thread_blocked, id=10788, stack(0x0000000025e80000,0x0000000025f80000)]
  0x000000001a0db000 JavaThread "jar transforms Thread 57" [_thread_blocked, id=11564, stack(0x0000000025d80000,0x0000000025e80000)]
  0x000000001a0e0800 JavaThread "jar transforms Thread 56" [_thread_blocked, id=4228, stack(0x0000000025c80000,0x0000000025d80000)]
  0x000000001a0df800 JavaThread "jar transforms Thread 55" [_thread_blocked, id=3068, stack(0x0000000025b80000,0x0000000025c80000)]
  0x000000001a0e2000 JavaThread "jar transforms Thread 54" [_thread_blocked, id=11180, stack(0x0000000025a80000,0x0000000025b80000)]
  0x000000001a0de000 JavaThread "jar transforms Thread 53" [_thread_blocked, id=5888, stack(0x0000000025980000,0x0000000025a80000)]
  0x000000001a0dc800 JavaThread "jar transforms Thread 52" [_thread_blocked, id=11920, stack(0x0000000025880000,0x0000000025980000)]
  0x000000001a0dd800 JavaThread "jar transforms Thread 51" [_thread_blocked, id=4632, stack(0x0000000025780000,0x0000000025880000)]
  0x000000001a0dc000 JavaThread "jar transforms Thread 50" [_thread_blocked, id=9272, stack(0x0000000025680000,0x0000000025780000)]
  0x000000001a0e1000 JavaThread "jar transforms Thread 49" [_thread_blocked, id=10032, stack(0x0000000025580000,0x0000000025680000)]
  0x000000001a0df000 JavaThread "jar transforms Thread 48" [_thread_blocked, id=3416, stack(0x0000000025480000,0x0000000025580000)]
  0x000000001a0d3800 JavaThread "jar transforms Thread 47" [_thread_blocked, id=10064, stack(0x0000000025380000,0x0000000025480000)]
  0x000000001a0d4000 JavaThread "jar transforms Thread 46" [_thread_blocked, id=10580, stack(0x0000000025280000,0x0000000025380000)]
  0x000000001a0da800 JavaThread "jar transforms Thread 45" [_thread_blocked, id=8236, stack(0x0000000025180000,0x0000000025280000)]
  0x000000001a0d2800 JavaThread "jar transforms Thread 44" [_thread_blocked, id=2916, stack(0x0000000025080000,0x0000000025180000)]
  0x000000001a0d6800 JavaThread "jar transforms Thread 43" [_thread_blocked, id=8992, stack(0x0000000024f80000,0x0000000025080000)]
  0x000000001a0d8000 JavaThread "jar transforms Thread 42" [_thread_blocked, id=10804, stack(0x0000000024e80000,0x0000000024f80000)]
  0x000000001a0d5000 JavaThread "jar transforms Thread 41" [_thread_blocked, id=7528, stack(0x0000000024d80000,0x0000000024e80000)]
  0x000000001a0d5800 JavaThread "jar transforms Thread 40" [_thread_blocked, id=616, stack(0x0000000024c80000,0x0000000024d80000)]
  0x000000001a0d7000 JavaThread "jar transforms Thread 39" [_thread_blocked, id=880, stack(0x0000000024b80000,0x0000000024c80000)]
  0x000000001a0d9800 JavaThread "jar transforms Thread 38" [_thread_blocked, id=1824, stack(0x0000000024a80000,0x0000000024b80000)]
  0x000000001a0d9000 JavaThread "jar transforms Thread 37" [_thread_blocked, id=8176, stack(0x0000000024980000,0x0000000024a80000)]
  0x000000001953d800 JavaThread "jar transforms Thread 36" [_thread_blocked, id=3280, stack(0x0000000024880000,0x0000000024980000)]
  0x000000001953c800 JavaThread "jar transforms Thread 35" [_thread_blocked, id=7052, stack(0x0000000024780000,0x0000000024880000)]
  0x000000001953c000 JavaThread "jar transforms Thread 34" [_thread_blocked, id=11540, stack(0x0000000024680000,0x0000000024780000)]
  0x000000001953a800 JavaThread "jar transforms Thread 33" [_thread_blocked, id=11056, stack(0x0000000024580000,0x0000000024680000)]
  0x0000000019539000 JavaThread "jar transforms Thread 32" [_thread_blocked, id=2632, stack(0x0000000024480000,0x0000000024580000)]
  0x0000000019539800 JavaThread "jar transforms Thread 31" [_thread_blocked, id=2824, stack(0x0000000024380000,0x0000000024480000)]
  0x0000000019538000 JavaThread "jar transforms Thread 30" [_thread_blocked, id=10784, stack(0x0000000024280000,0x0000000024380000)]
  0x0000000019537800 JavaThread "jar transforms Thread 29" [_thread_blocked, id=11164, stack(0x0000000024180000,0x0000000024280000)]
  0x000000001953b000 JavaThread "jar transforms Thread 28" [_thread_blocked, id=5204, stack(0x0000000024080000,0x0000000024180000)]
  0x0000000019530000 JavaThread "jar transforms Thread 27" [_thread_blocked, id=10836, stack(0x0000000023f80000,0x0000000024080000)]
  0x0000000019531800 JavaThread "jar transforms Thread 26" [_thread_blocked, id=5132, stack(0x0000000023e80000,0x0000000023f80000)]
  0x0000000019536800 JavaThread "jar transforms Thread 25" [_thread_blocked, id=12148, stack(0x0000000023d80000,0x0000000023e80000)]
  0x0000000019535000 JavaThread "jar transforms Thread 24" [_thread_blocked, id=11876, stack(0x0000000023c80000,0x0000000023d80000)]
  0x000000001952f000 JavaThread "jar transforms Thread 23" [_thread_blocked, id=8256, stack(0x0000000023b80000,0x0000000023c80000)]
  0x0000000019532000 JavaThread "jar transforms Thread 22" [_thread_blocked, id=11068, stack(0x0000000023a80000,0x0000000023b80000)]
  0x0000000019536000 JavaThread "jar transforms Thread 21" [_thread_blocked, id=11196, stack(0x0000000023640000,0x0000000023740000)]
  0x0000000019533800 JavaThread "jar transforms Thread 20" [_thread_blocked, id=732, stack(0x0000000023540000,0x0000000023640000)]
  0x0000000019530800 JavaThread "jar transforms Thread 19" [_thread_blocked, id=8816, stack(0x0000000023440000,0x0000000023540000)]
  0x0000000019533000 JavaThread "jar transforms Thread 18" [_thread_blocked, id=8784, stack(0x0000000023340000,0x0000000023440000)]
  0x0000000019534800 JavaThread "jar transforms Thread 17" [_thread_blocked, id=4700, stack(0x0000000023240000,0x0000000023340000)]
  0x000000001952e800 JavaThread "jar transforms Thread 16" [_thread_blocked, id=10476, stack(0x0000000023140000,0x0000000023240000)]
  0x000000001f14a000 JavaThread "jar transforms Thread 15" [_thread_blocked, id=9844, stack(0x0000000023040000,0x0000000023140000)]
  0x000000001f14d800 JavaThread "jar transforms Thread 14" [_thread_blocked, id=7080, stack(0x0000000022f40000,0x0000000023040000)]
  0x000000001f14d000 JavaThread "jar transforms Thread 13" [_thread_blocked, id=1252, stack(0x0000000022e40000,0x0000000022f40000)]
  0x000000001f14b800 JavaThread "jar transforms Thread 12" [_thread_blocked, id=7704, stack(0x0000000022d40000,0x0000000022e40000)]
  0x000000001f14c000 JavaThread "jar transforms Thread 11" [_thread_blocked, id=9956, stack(0x0000000022c40000,0x0000000022d40000)]
  0x000000001f14a800 JavaThread "jar transforms Thread 10" [_thread_blocked, id=1164, stack(0x0000000022b40000,0x0000000022c40000)]
  0x000000001f142800 JavaThread "jar transforms Thread 9" [_thread_blocked, id=5228, stack(0x0000000022a40000,0x0000000022b40000)]
  0x000000001f149000 JavaThread "jar transforms Thread 8" [_thread_blocked, id=6116, stack(0x0000000022940000,0x0000000022a40000)]
  0x000000001f148800 JavaThread "jar transforms Thread 7" [_thread_blocked, id=1004, stack(0x0000000022840000,0x0000000022940000)]
  0x000000001f147800 JavaThread "jar transforms Thread 6" [_thread_blocked, id=9148, stack(0x0000000022740000,0x0000000022840000)]
  0x000000001f140000 JavaThread "jar transforms Thread 5" [_thread_blocked, id=2800, stack(0x0000000022640000,0x0000000022740000)]
  0x000000001f147000 JavaThread "jar transforms Thread 4" [_thread_blocked, id=9464, stack(0x0000000022540000,0x0000000022640000)]
  0x000000001f146000 JavaThread "jar transforms Thread 3" [_thread_blocked, id=2972, stack(0x0000000022440000,0x0000000022540000)]
  0x000000001f141800 JavaThread "jar transforms Thread 2" [_thread_blocked, id=11936, stack(0x0000000022340000,0x0000000022440000)]
  0x000000001f13e800 JavaThread "Build operations Thread 4" [_thread_blocked, id=2816, stack(0x0000000022240000,0x0000000022340000)]
  0x000000001f144800 JavaThread "Build operations Thread 3" [_thread_blocked, id=7260, stack(0x0000000022140000,0x0000000022240000)]
  0x000000001f141000 JavaThread "Build operations Thread 2" [_thread_blocked, id=3348, stack(0x0000000022040000,0x0000000022140000)]
  0x000000001f145800 JavaThread "Build operations" [_thread_in_native, id=10524, stack(0x0000000021f40000,0x0000000022040000)]
  0x000000001afde800 JavaThread "Cache worker for file content cache (C:\Users\home\.gradle\caches\6.5\fileContent)" [_thread_blocked, id=7268, stack(0x0000000021840000,0x0000000021940000)]
  0x000000001afdd000 JavaThread "jar transforms" [_thread_blocked, id=1092, stack(0x0000000020000000,0x0000000020100000)]
  0x000000001afde000 JavaThread "Cache worker for execution history cache (C:\Users\home\.gradle\caches\6.5\executionHistory)" [_thread_in_native, id=5096, stack(0x000000001ff00000,0x0000000020000000)]
  0x000000001afe4000 JavaThread "Cache worker for cache directory md-rule (C:\Users\home\.gradle\caches\6.5\md-rule)" [_thread_blocked, id=11052, stack(0x000000001fe00000,0x000000001ff00000)]
  0x000000001afe3000 JavaThread "Cache worker for cache directory md-supplier (C:\Users\home\.gradle\caches\6.5\md-supplier)" [_thread_blocked, id=9848, stack(0x000000001fd00000,0x000000001fe00000)]
  0x000000001afe1800 JavaThread "Cache worker for checksums cache (C:\Users\home\Desktop\MAD\DeliveryManage\.gradle\checksums)" [_thread_blocked, id=6440, stack(0x000000001fc00000,0x000000001fd00000)]
  0x000000001afe2800 JavaThread "Cache worker for file hash cache (C:\Users\home\Desktop\MAD\DeliveryManage\.gradle\6.5\fileHashes)" [_thread_blocked, id=8980, stack(0x0000000020170000,0x0000000020270000)]
  0x000000001afdf800 JavaThread "Cache worker for file hash cache (C:\Users\home\.gradle\caches\6.5\fileHashes)" [_thread_blocked, id=1956, stack(0x000000001d560000,0x000000001d660000)]
  0x000000001afe1000 JavaThread "File lock request listener" [_thread_in_native, id=9744, stack(0x000000001d460000,0x000000001d560000)]
  0x000000001b000800 JavaThread "Cache worker for journal cache (C:\Users\home\.gradle\caches\journal-1)" [_thread_blocked, id=5496, stack(0x000000001d260000,0x000000001d360000)]
  0x00000000194cc000 JavaThread "Thread-9" [_thread_blocked, id=2776, stack(0x000000001cf60000,0x000000001d060000)]
  0x00000000194c9800 JavaThread "Stdin handler" [_thread_blocked, id=3564, stack(0x000000001ce60000,0x000000001cf60000)]
  0x00000000194c7800 JavaThread "Asynchronous log dispatcher for DefaultDaemonConnection: socket connection from /127.0.0.1:59254 to /127.0.0.1:59255" [_thread_blocked, id=5340, stack(0x000000001cd60000,0x000000001ce60000)]
  0x00000000194c6800 JavaThread "Daemon worker" [_thread_blocked, id=260, stack(0x000000001cc60000,0x000000001cd60000)]
  0x00000000194c5800 JavaThread "Cancel handler" [_thread_blocked, id=10584, stack(0x000000001cb60000,0x000000001cc60000)]
  0x000000001aef9000 JavaThread "Handler for socket connection from /127.0.0.1:59254 to /127.0.0.1:59255" [_thread_in_native, id=9180, stack(0x000000001c860000,0x000000001c960000)]
  0x000000001af09800 JavaThread "Daemon" [_thread_blocked, id=11776, stack(0x000000001c760000,0x000000001c860000)]
  0x000000001af08000 JavaThread "Daemon periodic checks" [_thread_blocked, id=11888, stack(0x000000001c660000,0x000000001c760000)]
  0x000000001aed8800 JavaThread "Incoming local TCP Connector on port 59254" [_thread_in_native, id=7620, stack(0x000000001c420000,0x000000001c520000)]
  0x000000001ae7a000 JavaThread "Daemon health stats" [_thread_blocked, id=5764, stack(0x000000001bde0000,0x000000001bee0000)]
  0x000000001753c000 JavaThread "Service Thread" daemon [_thread_blocked, id=6556, stack(0x0000000019240000,0x0000000019340000)]
  0x00000000174f8800 JavaThread "C1 CompilerThread2" daemon [_thread_blocked, id=2160, stack(0x0000000018d40000,0x0000000018e40000)]
=>0x00000000174eb000 JavaThread "C2 CompilerThread1" daemon [_thread_in_native, id=1828, stack(0x0000000018c40000,0x0000000018d40000)]
  0x00000000174e2000 JavaThread "C2 CompilerThread0" daemon [_thread_in_native, id=2888, stack(0x0000000018b40000,0x0000000018c40000)]
  0x00000000174e1000 JavaThread "Attach Listener" daemon [_thread_blocked, id=2844, stack(0x0000000018a40000,0x0000000018b40000)]
  0x00000000174e5800 JavaThread "Signal Dispatcher" daemon [_thread_blocked, id=7424, stack(0x0000000018940000,0x0000000018a40000)]
  0x00000000028bb800 JavaThread "Finalizer" daemon [_thread_blocked, id=7280, stack(0x0000000018740000,0x0000000018840000)]
  0x00000000174c9000 JavaThread "Reference Handler" daemon [_thread_blocked, id=6700, stack(0x0000000018640000,0x0000000018740000)]
  0x00000000026ae000 JavaThread "main" [_thread_blocked, id=720, stack(0x00000000026c0000,0x00000000027c0000)]

Other Threads:
  0x00000000174a6800 VMThread [stack: 0x0000000018540000,0x0000000018640000] [id=2872]
  0x000000001753d800 WatcherThread [stack: 0x0000000019340000,0x0000000019440000] [id=5704]

VM state:not at safepoint (normal execution)

VM Mutex/Monitor currently owned by a thread: None

heap address: 0x0000000080000000, size: 2048 MB, Compressed Oops mode: 32-bit
Narrow klass base: 0x0000000000000000, Narrow klass shift: 3
Compressed class space size: 1073741824 Address: 0x0000000100000000

Heap:
 PSYoungGen      total 391680K, used 103414K [0x00000000d5580000, 0x00000000f4800000, 0x0000000100000000)
  eden space 365568K, 21% used [0x00000000d5580000,0x00000000da101fd8,0x00000000eba80000)
  from space 26112K, 99% used [0x00000000eba80000,0x00000000ed3fb8c8,0x00000000ed400000)
  to   space 36352K, 0% used [0x00000000f2480000,0x00000000f2480000,0x00000000f4800000)
 ParOldGen       total 159232K, used 56581K [0x0000000080000000, 0x0000000089b80000, 0x00000000d5580000)
  object space 159232K, 35% used [0x0000000080000000,0x0000000083741478,0x0000000089b80000)
 Metaspace       used 83747K, capacity 88208K, committed 88344K, reserved 1126400K
  class space    used 11429K, capacity 12314K, committed 12336K, reserved 1048576K

Card table byte_map: [0x0000000011c80000,0x0000000012090000] byte_map_base: 0x0000000011880000

Marking Bits: (ParMarkBitMap*) 0x00000000591bf030
 Begin Bits: [0x0000000012740000, 0x0000000014740000)
 End Bits:   [0x0000000014740000, 0x0000000016740000)

Polling page: 0x0000000000940000

CodeCache: size=245760Kb used=30982Kb max_used=30984Kb free=214777Kb
 bounds [0x00000000028c0000, 0x0000000004730000, 0x00000000118c0000]
 total_blobs=10991 nmethods=10134 adapters=768
 compilation: enabled

Compilation events (10 events):
Event: 22.889 Thread 0x00000000174f8800 nmethod 12000 0x0000000003446690 code [0x00000000034467e0, 0x00000000034468f0]
Event: 22.897 Thread 0x00000000174f8800 12002       3       com.android.build.gradle.internal.dependency.VariantDependencies$$Lambda$389/1126245266::isSatisfiedBy (8 bytes)
Event: 22.897 Thread 0x00000000174f8800 nmethod 12002 0x00000000043d08d0 code [0x00000000043d0a40, 0x00000000043d0e70]
Event: 22.897 Thread 0x00000000174f8800 12003       3       com.android.build.gradle.internal.dependency.VariantDependencies::lambda$getComponentFilter$2 (13 bytes)
Event: 22.897 Thread 0x00000000174f8800 nmethod 12003 0x00000000043d0450 code [0x00000000043d05c0, 0x00000000043d0850]
Event: 22.902 Thread 0x00000000174f8800 12004   !   3       com.sun.proxy.$Proxy43::beforeTransformerInvocation (38 bytes)
Event: 22.902 Thread 0x00000000174f8800 nmethod 12004 0x0000000003f28010 code [0x0000000003f281a0, 0x0000000003f287b8]
Event: 22.902 Thread 0x00000000174f8800 12005       3       org.gradle.api.internal.artifacts.transform.DefaultTransformerInvocationFactory$2$$Lambda$563/9889360::get (48 bytes)
Event: 22.903 Thread 0x00000000174f8800 nmethod 12005 0x00000000043d0010 code [0x00000000043d0180, 0x00000000043d0388]
Event: 22.903 Thread 0x00000000174f8800 12006       3       org.gradle.api.internal.artifacts.transform.DefaultTransformerInvocationFactory$2::lambda$call$2 (148 bytes)

GC Heap History (10 events):
Event: 7.605 GC heap before
{Heap before GC invocations=10 (full 2):
 PSYoungGen      total 205824K, used 192512K [0x00000000d5580000, 0x00000000e9a00000, 0x0000000100000000)
  eden space 192512K, 100% used [0x00000000d5580000,0x00000000e1180000,0x00000000e1180000)
  from space 13312K, 0% used [0x00000000e1180000,0x00000000e1180000,0x00000000e1e80000)
  to   space 13312K, 0% used [0x00000000e8d00000,0x00000000e8d00000,0x00000000e9a00000)
 ParOldGen       total 102912K, used 15767K [0x0000000080000000, 0x0000000086480000, 0x00000000d5580000)
  object space 102912K, 15% used [0x0000000080000000,0x0000000080f65e90,0x0000000086480000)
 Metaspace       used 45354K, capacity 47142K, committed 47528K, reserved 1089536K
  class space    used 6135K, capacity 6481K, committed 6576K, reserved 1048576K
Event: 7.630 GC heap after
Heap after GC invocations=10 (full 2):
 PSYoungGen      total 303104K, used 13310K [0x00000000d5580000, 0x00000000e9a00000, 0x0000000100000000)
  eden space 289792K, 0% used [0x00000000d5580000,0x00000000d5580000,0x00000000e7080000)
  from space 13312K, 99% used [0x00000000e8d00000,0x00000000e99ff8d0,0x00000000e9a00000)
  to   space 16384K, 0% used [0x00000000e7a00000,0x00000000e7a00000,0x00000000e8a00000)
 ParOldGen       total 102912K, used 19958K [0x0000000080000000, 0x0000000086480000, 0x00000000d5580000)
  object space 102912K, 19% used [0x0000000080000000,0x000000008137d890,0x0000000086480000)
 Metaspace       used 45354K, capacity 47142K, committed 47528K, reserved 1089536K
  class space    used 6135K, capacity 6481K, committed 6576K, reserved 1048576K
}
Event: 9.589 GC heap before
{Heap before GC invocations=11 (full 2):
 PSYoungGen      total 303104K, used 153380K [0x00000000d5580000, 0x00000000e9a00000, 0x0000000100000000)
  eden space 289792K, 48% used [0x00000000d5580000,0x00000000dde49908,0x00000000e7080000)
  from space 13312K, 99% used [0x00000000e8d00000,0x00000000e99ff8d0,0x00000000e9a00000)
  to   space 16384K, 0% used [0x00000000e7a00000,0x00000000e7a00000,0x00000000e8a00000)
 ParOldGen       total 102912K, used 19958K [0x0000000080000000, 0x0000000086480000, 0x00000000d5580000)
  object space 102912K, 19% used [0x0000000080000000,0x000000008137d890,0x0000000086480000)
 Metaspace       used 56730K, capacity 59062K, committed 59160K, reserved 1099776K
  class space    used 7764K, capacity 8236K, committed 8240K, reserved 1048576K
Event: 9.631 GC heap after
Heap after GC invocations=11 (full 2):
 PSYoungGen      total 315904K, used 16364K [0x00000000d5580000, 0x00000000eed80000, 0x0000000100000000)
  eden space 299520K, 0% used [0x00000000d5580000,0x00000000d5580000,0x00000000e7a00000)
  from space 16384K, 99% used [0x00000000e7a00000,0x00000000e89fb330,0x00000000e8a00000)
  to   space 22528K, 0% used [0x00000000ed780000,0x00000000ed780000,0x00000000eed80000)
 ParOldGen       total 102912K, used 29342K [0x0000000080000000, 0x0000000086480000, 0x00000000d5580000)
  object space 102912K, 28% used [0x0000000080000000,0x0000000081ca7b10,0x0000000086480000)
 Metaspace       used 56730K, capacity 59062K, committed 59160K, reserved 1099776K
  class space    used 7764K, capacity 8236K, committed 8240K, reserved 1048576K
}
Event: 9.631 GC heap before
{Heap before GC invocations=12 (full 3):
 PSYoungGen      total 315904K, used 16364K [0x00000000d5580000, 0x00000000eed80000, 0x0000000100000000)
  eden space 299520K, 0% used [0x00000000d5580000,0x00000000d5580000,0x00000000e7a00000)
  from space 16384K, 99% used [0x00000000e7a00000,0x00000000e89fb330,0x00000000e8a00000)
  to   space 22528K, 0% used [0x00000000ed780000,0x00000000ed780000,0x00000000eed80000)
 ParOldGen       total 102912K, used 29342K [0x0000000080000000, 0x0000000086480000, 0x00000000d5580000)
  object space 102912K, 28% used [0x0000000080000000,0x0000000081ca7b10,0x0000000086480000)
 Metaspace       used 56730K, capacity 59062K, committed 59160K, reserved 1099776K
  class space    used 7764K, capacity 8236K, committed 8240K, reserved 1048576K
Event: 9.921 GC heap after
Heap after GC invocations=12 (full 3):
 PSYoungGen      total 315904K, used 0K [0x00000000d5580000, 0x00000000eed80000, 0x0000000100000000)
  eden space 299520K, 0% used [0x00000000d5580000,0x00000000d5580000,0x00000000e7a00000)
  from space 16384K, 0% used [0x00000000e7a00000,0x00000000e7a00000,0x00000000e8a00000)
  to   space 22528K, 0% used [0x00000000ed780000,0x00000000ed780000,0x00000000eed80000)
 ParOldGen       total 159232K, used 37556K [0x0000000080000000, 0x0000000089b80000, 0x00000000d5580000)
  object space 159232K, 23% used [0x0000000080000000,0x00000000824ad3e0,0x0000000089b80000)
 Metaspace       used 56710K, capacity 58996K, committed 59160K, reserved 1099776K
  class space    used 7758K, capacity 8225K, committed 8240K, reserved 1048576K
}
Event: 15.818 GC heap before
{Heap before GC invocations=13 (full 3):
 PSYoungGen      total 315904K, used 299520K [0x00000000d5580000, 0x00000000eed80000, 0x0000000100000000)
  eden space 299520K, 100% used [0x00000000d5580000,0x00000000e7a00000,0x00000000e7a00000)
  from space 16384K, 0% used [0x00000000e7a00000,0x00000000e7a00000,0x00000000e8a00000)
  to   space 22528K, 0% used [0x00000000ed780000,0x00000000ed780000,0x00000000eed80000)
 ParOldGen       total 159232K, used 37556K [0x0000000080000000, 0x0000000089b80000, 0x00000000d5580000)
  object space 159232K, 23% used [0x0000000080000000,0x00000000824ad3e0,0x0000000089b80000)
 Metaspace       used 68049K, capacity 71076K, committed 71448K, reserved 1110016K
  class space    used 9297K, capacity 9905K, committed 10032K, reserved 1048576K
Event: 15.853 GC heap after
Heap after GC invocations=13 (full 3):
 PSYoungGen      total 387072K, used 22527K [0x00000000d5580000, 0x00000000eed80000, 0x0000000100000000)
  eden space 364544K, 0% used [0x00000000d5580000,0x00000000d5580000,0x00000000eb980000)
  from space 22528K, 99% used [0x00000000ed780000,0x00000000eed7fcd0,0x00000000eed80000)
  to   space 26112K, 0% used [0x00000000eba80000,0x00000000eba80000,0x00000000ed400000)
 ParOldGen       total 159232K, used 38645K [0x0000000080000000, 0x0000000089b80000, 0x00000000d5580000)
  object space 159232K, 24% used [0x0000000080000000,0x00000000825bd7d8,0x0000000089b80000)
 Metaspace       used 68049K, capacity 71076K, committed 71448K, reserved 1110016K
  class space    used 9297K, capacity 9905K, committed 10032K, reserved 1048576K
}
Event: 21.065 GC heap before
{Heap before GC invocations=14 (full 3):
 PSYoungGen      total 387072K, used 387071K [0x00000000d5580000, 0x00000000eed80000, 0x0000000100000000)
  eden space 364544K, 100% used [0x00000000d5580000,0x00000000eb980000,0x00000000eb980000)
  from space 22528K, 99% used [0x00000000ed780000,0x00000000eed7fcd0,0x00000000eed80000)
  to   space 26112K, 0% used [0x00000000eba80000,0x00000000eba80000,0x00000000ed400000)
 ParOldGen       total 159232K, used 38645K [0x0000000080000000, 0x0000000089b80000, 0x00000000d5580000)
  object space 159232K, 24% used [0x0000000080000000,0x00000000825bd7d8,0x0000000089b80000)
 Metaspace       used 81484K, capacity 85684K, committed 85912K, reserved 1122304K
  class space    used 11237K, capacity 12096K, committed 12208K, reserved 1048576K
Event: 21.136 GC heap after
Heap after GC invocations=14 (full 3):
 PSYoungGen      total 391680K, used 26094K [0x00000000d5580000, 0x00000000f4800000, 0x0000000100000000)
  eden space 365568K, 0% used [0x00000000d5580000,0x00000000d5580000,0x00000000eba80000)
  from space 26112K, 99% used [0x00000000eba80000,0x00000000ed3fb8c8,0x00000000ed400000)
  to   space 36352K, 0% used [0x00000000f2480000,0x00000000f2480000,0x00000000f4800000)
 ParOldGen       total 159232K, used 56581K [0x0000000080000000, 0x0000000089b80000, 0x00000000d5580000)
  object space 159232K, 35% used [0x0000000080000000,0x0000000083741478,0x0000000089b80000)
 Metaspace       used 81484K, capacity 85684K, committed 85912K, reserved 1122304K
  class space    used 11237K, capacity 12096K, committed 12208K, reserved 1048576K
}

Deoptimization events (10 events):
Event: 22.495 Thread 0x00000000194c6800 Uncommon trap: reason=predicate action=maybe_recompile pc=0x00000000047021bc method=java.util.TimSort.reverseRange([Ljava/lang/Object;II)V @ 8
Event: 22.495 Thread 0x00000000194c6800 Uncommon trap: reason=class_check action=maybe_recompile pc=0x0000000003fb5ab4 method=com.google.common.collect.SortedIterables.hasSameComparator(Ljava/util/Comparator;Ljava/lang/Iterable;)Z @ 11
Event: 22.497 Thread 0x00000000194c6800 Uncommon trap: reason=class_check action=maybe_recompile pc=0x0000000003d672fc method=com.google.common.cache.LocalCache$Segment.get(Ljava/lang/Object;I)Ljava/lang/Object; @ 14
Event: 22.497 Thread 0x00000000194c6800 Uncommon trap: reason=unstable_if action=reinterpret pc=0x0000000003d5cd28 method=com.google.common.cache.LocalCache.isExpired(Lcom/google/common/cache/ReferenceEntry;J)Z @ 9
Event: 22.522 Thread 0x00000000194c6800 Uncommon trap: reason=class_check action=maybe_recompile pc=0x0000000003d672fc method=com.google.common.cache.LocalCache$Segment.get(Ljava/lang/Object;I)Ljava/lang/Object; @ 14
Event: 22.522 Thread 0x00000000194c6800 Uncommon trap: reason=unstable_if action=reinterpret pc=0x0000000002f40118 method=com.google.common.cache.LocalCache.isExpired(Lcom/google/common/cache/ReferenceEntry;J)Z @ 9
Event: 22.533 Thread 0x00000000194c6800 Uncommon trap: reason=class_check action=maybe_recompile pc=0x0000000003d672fc method=com.google.common.cache.LocalCache$Segment.get(Ljava/lang/Object;I)Ljava/lang/Object; @ 14
Event: 22.539 Thread 0x00000000194c6800 Uncommon trap: reason=class_check action=maybe_recompile pc=0x0000000003d672fc method=com.google.common.cache.LocalCache$Segment.get(Ljava/lang/Object;I)Ljava/lang/Object; @ 14
Event: 22.541 Thread 0x00000000194c6800 Uncommon trap: reason=class_check action=maybe_recompile pc=0x0000000003d6bbec method=com.google.common.cache.LocalCache$Segment.get(Ljava/lang/Object;I)Ljava/lang/Object; @ 14
Event: 22.787 Thread 0x00000000194c6800 Uncommon trap: reason=unstable_if action=reinterpret pc=0x0000000003b1fb84 method=com.google.common.cache.LocalCache.isExpired(Lcom/google/common/cache/ReferenceEntry;J)Z @ 9

Classes redefined (0 events):
No events

Internal exceptions (10 events):
Event: 20.906 Thread 0x000000001e3de000 Exception <a 'java/lang/NoSuchMethodError': java.lang.Object.lambda$maxBy$1(Ljava/util/Comparator;Ljava/lang/Object;Ljava/lang/Object;)Ljava/lang/Object;> (0x00000000eb1e71c8) thrown at [C:\src\AOSP-openjdk-git\hotspot\src\share\vm\interpreter\linkResolve
Event: 20.971 Thread 0x000000001e3d6000 Exception <a 'java/lang/NoSuchMethodError': java.lang.Object.b(Lcom/android/tools/r8/graph/n1$b;)Lcom/android/tools/r8/graph/n1$b;> (0x00000000eb4897d0) thrown at [C:\src\AOSP-openjdk-git\hotspot\src\share\vm\interpreter\linkResolver.cpp, line 620]
Event: 21.486 Thread 0x000000001e3d6000 Exception <a 'sun/nio/fs/WindowsException'> (0x00000000d697acd0) thrown at [C:\src\AOSP-openjdk-git\hotspot\src\share\vm\prims\jni.cpp, line 710]
Event: 21.486 Thread 0x000000001e3d6000 Exception <a 'sun/nio/fs/WindowsException'> (0x00000000d697b700) thrown at [C:\src\AOSP-openjdk-git\hotspot\src\share\vm\prims\jni.cpp, line 710]
Event: 21.486 Thread 0x000000001e3d6000 Exception <a 'sun/nio/fs/WindowsException'> (0x00000000d697bc30) thrown at [C:\src\AOSP-openjdk-git\hotspot\src\share\vm\prims\jni.cpp, line 710]
Event: 21.486 Thread 0x000000001e3d6000 Exception <a 'sun/nio/fs/WindowsException'> (0x00000000d697ca38) thrown at [C:\src\AOSP-openjdk-git\hotspot\src\share\vm\prims\jni.cpp, line 710]
Event: 21.486 Thread 0x000000001e3d6000 Exception <a 'sun/nio/fs/WindowsException'> (0x00000000d697cf58) thrown at [C:\src\AOSP-openjdk-git\hotspot\src\share\vm\prims\jni.cpp, line 710]
Event: 21.486 Thread 0x000000001e3d6000 Exception <a 'sun/nio/fs/WindowsException'> (0x00000000d697dd50) thrown at [C:\src\AOSP-openjdk-git\hotspot\src\share\vm\prims\jni.cpp, line 710]
Event: 21.573 Thread 0x000000001e3d6000 Exception <a 'sun/nio/fs/WindowsException'> (0x00000000d69cf998) thrown at [C:\src\AOSP-openjdk-git\hotspot\src\share\vm\prims\jni.cpp, line 710]
Event: 22.866 Thread 0x00000000194c6800 Exception <a 'java/lang/NoSuchMethodError': <clinit>> (0x00000000d9d58648) thrown at [C:\src\AOSP-openjdk-git\hotspot\src\share\vm\prims\jni.cpp, line 1615]

Events (10 events):
Event: 22.898 loading class kotlin/io/FileTreeWalk$FileTreeWalkIterator$WhenMappings
Event: 22.898 loading class kotlin/io/FileTreeWalk$FileTreeWalkIterator$WhenMappings done
Event: 22.899 loading class kotlin/io/FileTreeWalk$FileTreeWalkIterator$TopDownDirectoryState
Event: 22.899 loading class kotlin/io/FileTreeWalk$FileTreeWalkIterator$TopDownDirectoryState done
Event: 22.900 loading class kotlin/io/FileTreeWalk$DirectoryState
Event: 22.900 loading class kotlin/io/FileTreeWalk$DirectoryState done
Event: 22.900 loading class kotlin/io/FileTreeWalk$WalkState
Event: 22.900 loading class kotlin/io/FileTreeWalk$WalkState done
Event: 22.901 loading class kotlin/collections/AbstractIterator$WhenMappings
Event: 22.901 loading class kotlin/collections/AbstractIterator$WhenMappings done


Dynamic libraries:
0x00007ff7d4a70000 - 0x00007ff7d4aa1000 	C:\Program Files\Android\Android Studio\jre\bin\java.exe
0x00007ffe52740000 - 0x00007ffe52930000 	C:\WINDOWS\SYSTEM32\ntdll.dll
0x00007ffe50950000 - 0x00007ffe50a02000 	C:\WINDOWS\System32\KERNEL32.DLL
0x00007ffe50540000 - 0x00007ffe507e4000 	C:\WINDOWS\System32\KERNELBASE.dll
0x00007ffe51b80000 - 0x00007ffe51c23000 	C:\WINDOWS\System32\ADVAPI32.dll
0x00007ffe52590000 - 0x00007ffe5262e000 	C:\WINDOWS\System32\msvcrt.dll
0x00007ffe50b60000 - 0x00007ffe50bf7000 	C:\WINDOWS\System32\sechost.dll
0x00007ffe51a30000 - 0x00007ffe51b50000 	C:\WINDOWS\System32\RPCRT4.dll
0x00007ffe51810000 - 0x00007ffe519a4000 	C:\WINDOWS\System32\USER32.dll
0x00007ffe501c0000 - 0x00007ffe501e1000 	C:\WINDOWS\System32\win32u.dll
0x00007ffe51b50000 - 0x00007ffe51b76000 	C:\WINDOWS\System32\GDI32.dll
0x00007ffe4fe80000 - 0x00007ffe50014000 	C:\WINDOWS\System32\gdi32full.dll
0x00007ffe50020000 - 0x00007ffe500be000 	C:\WINDOWS\System32\msvcp_win.dll
0x00007ffe50290000 - 0x00007ffe5038a000 	C:\WINDOWS\System32\ucrtbase.dll
0x00007ffe3fad0000 - 0x00007ffe3fd54000 	C:\WINDOWS\WinSxS\amd64_microsoft.windows.common-controls_6595b64144ccf1df_6.0.18362.836_none_e6c4b943130f18ed\COMCTL32.dll
0x00007ffe514d0000 - 0x00007ffe51806000 	C:\WINDOWS\System32\combase.dll
0x00007ffe501f0000 - 0x00007ffe50270000 	C:\WINDOWS\System32\bcryptPrimitives.dll
0x00007ffe51e10000 - 0x00007ffe51e3e000 	C:\WINDOWS\System32\IMM32.DLL
0x0000000059c50000 - 0x0000000059d22000 	C:\Program Files\Android\Android Studio\jre\jre\bin\msvcr100.dll
0x00000000589f0000 - 0x000000005923b000 	C:\Program Files\Android\Android Studio\jre\jre\bin\server\jvm.dll
0x00007ffe51d10000 - 0x00007ffe51d18000 	C:\WINDOWS\System32\PSAPI.DLL
0x00007ffe39cf0000 - 0x00007ffe39cf9000 	C:\WINDOWS\SYSTEM32\WSOCK32.dll
0x00007ffe4c0b0000 - 0x00007ffe4c0d4000 	C:\WINDOWS\SYSTEM32\WINMM.dll
0x00007ffe51d20000 - 0x00007ffe51d8f000 	C:\WINDOWS\System32\WS2_32.dll
0x00007ffe42720000 - 0x00007ffe4272a000 	C:\WINDOWS\SYSTEM32\VERSION.dll
0x00007ffe4c080000 - 0x00007ffe4c0ad000 	C:\WINDOWS\SYSTEM32\WINMMBASE.dll
0x00007ffe500c0000 - 0x00007ffe5010a000 	C:\WINDOWS\System32\cfgmgr32.dll
0x00007ffe4a8c0000 - 0x00007ffe4a8cf000 	C:\Program Files\Android\Android Studio\jre\jre\bin\verify.dll
0x00007ffe48fe0000 - 0x00007ffe49009000 	C:\Program Files\Android\Android Studio\jre\jre\bin\java.dll
0x00007ffe48fc0000 - 0x00007ffe48fd6000 	C:\Program Files\Android\Android Studio\jre\jre\bin\zip.dll
0x00007ffe50cb0000 - 0x00007ffe51394000 	C:\WINDOWS\System32\SHELL32.dll
0x00007ffe50c00000 - 0x00007ffe50ca9000 	C:\WINDOWS\System32\shcore.dll
0x00007ffe4f6d0000 - 0x00007ffe4fe4e000 	C:\WINDOWS\System32\windows.storage.dll
0x00007ffe4f610000 - 0x00007ffe4f633000 	C:\WINDOWS\System32\profapi.dll
0x00007ffe4f640000 - 0x00007ffe4f68a000 	C:\WINDOWS\System32\powrprof.dll
0x00007ffe4f600000 - 0x00007ffe4f610000 	C:\WINDOWS\System32\UMPDC.dll
0x00007ffe51450000 - 0x00007ffe514a2000 	C:\WINDOWS\System32\shlwapi.dll
0x00007ffe4f6b0000 - 0x00007ffe4f6c1000 	C:\WINDOWS\System32\kernel.appcore.dll
0x00007ffe50270000 - 0x00007ffe50287000 	C:\WINDOWS\System32\cryptsp.dll
0x00007ffe49250000 - 0x00007ffe4926a000 	C:\Program Files\Android\Android Studio\jre\jre\bin\net.dll
0x00007ffe4ee70000 - 0x00007ffe4eed7000 	C:\WINDOWS\system32\mswsock.dll
0x00007ffe49230000 - 0x00007ffe49243000 	C:\Program Files\Android\Android Studio\jre\jre\bin\nio.dll
0x00007ffe4a960000 - 0x00007ffe4a987000 	C:\Users\home\.gradle\native\f6784746aeab05261644944871eae4fe03e0ef1612fff0a4a95f87b438bc6780\windows-amd64\native-platform.dll
0x00007ffe48fb0000 - 0x00007ffe48fbd000 	C:\Program Files\Android\Android Studio\jre\jre\bin\management.dll
0x00007ffe4e9e0000 - 0x00007ffe4ea13000 	C:\WINDOWS\system32\rsaenh.dll
0x00007ffe4fe50000 - 0x00007ffe4fe76000 	C:\WINDOWS\System32\bcrypt.dll
0x00007ffe4f520000 - 0x00007ffe4f545000 	C:\WINDOWS\SYSTEM32\USERENV.dll
0x00007ffe4f040000 - 0x00007ffe4f04c000 	C:\WINDOWS\SYSTEM32\CRYPTBASE.dll
0x00007ffe4eb80000 - 0x00007ffe4ebba000 	C:\WINDOWS\SYSTEM32\IPHLPAPI.DLL
0x00007ffe50b50000 - 0x00007ffe50b58000 	C:\WINDOWS\System32\NSI.dll
0x00007ffe481c0000 - 0x00007ffe481d6000 	C:\WINDOWS\SYSTEM32\dhcpcsvc6.DLL
0x00007ffe48700000 - 0x00007ffe4871c000 	C:\WINDOWS\SYSTEM32\dhcpcsvc.DLL
0x00007ffe4ebc0000 - 0x00007ffe4ec8b000 	C:\WINDOWS\SYSTEM32\DNSAPI.dll
0x00007ffe494e0000 - 0x00007ffe494eb000 	C:\WINDOWS\SYSTEM32\WINNSI.DLL

VM Arguments:
jvm_args: -Xmx2048m -Dfile.encoding=UTF-8 -Duser.country=US -Duser.language=en -Duser.variant 
java_command: org.gradle.launcher.daemon.bootstrap.GradleDaemon 6.5
java_class_path (initial): C:\Users\home\.gradle\wrapper\dists\gradle-6.5-bin\6nifqtx7604sqp1q6g8wikw7p\gradle-6.5\lib\gradle-launcher-6.5.jar
Launcher Type: SUN_STANDARD

Environment Variables:
JAVA_HOME=C:\Program Files\Java\jdk1.8.0_211
PATH=C:\Users\home\AppData\Roaming\Python\Python38\Scripts;C:\Program Files\Python38\;C:\Program Files\Common Files\Oracle\Java\javapath;C:\Program Files (x86)\Common Files\Oracle\Java\javapath;C:\WINDOWS\system32;C:\WINDOWS;C:\WINDOWS\System32\Wbem;C:\WINDOWS\System32\WindowsPowerShell\v1.0\;C:\WINDOWS\System32\OpenSSH\;C:\Program Files\Microsoft SQL Server\120\DTS\Binn\;C:\Program Files\Microsoft SQL Server\Client SDK\ODBC\110\Tools\Binn\;C:\Program Files (x86)\Microsoft SQL Server\120\Tools\Binn\;C:\Program Files\Microsoft SQL Server\120\Tools\Binn\;C:\Program Files (x86)\Microsoft SQL Server\120\Tools\Binn\ManagementStudio\;C:\Program Files (x86)\Microsoft SQL Server\120\DTS\Binn\;C:\Program Files\Git\cmd;C:\Program Files\nodejs\;C:\Program Files\Microsoft SQL Server\130\Tools\Binn\;C:\Program Files\Microsoft SQL Server\Client SDK\ODBC\170\Tools\Binn\;C:\Program Files\Java\jdk1.8.0_211\bin;C:\Program Files\Maven\apache-maven-3.6.3\bin;C:\Program Files\Java\jre1.8.0_211\bin;C:\Program Files\dotnet\;C:\Program Files\Java\jdk-11.0.9\bin;C:\Strawberry\c\bin;C:\Strawberry\perl\site\bin;C:\Strawberry\perl\bin;C:\Users\home\AppData\Local\Microsoft\WindowsApps;C:\Users\home\AppData\Local\Programs\Microsoft VS Code\bin;C:\Users\home\AppData\Roaming\npm;C:\src\flutter\bin;C:\Users\home\.dotnet\tools
USERNAME=home
OS=Windows_NT
PROCESSOR_IDENTIFIER=Intel64 Family 6 Model 78 Stepping 3, GenuineIntel



---------------  S Y S T E M  ---------------

OS: Windows 10.0 , 64 bit Build 18362 (10.0.18362.778)

CPU:total 4 (initial active 4) (2 cores per cpu, 2 threads per core) family 6 model 78 stepping 3, cmov, cx8, fxsr, mmx, sse, sse2, sse3, ssse3, sse4.1, sse4.2, popcnt, avx, avx2, aes, clmul, erms, 3dnowpref, lzcnt, ht, tsc, tscinvbit, bmi1, bmi2, adx

Memory: 4k page, physical 12472224k(1735572k free), swap 12472224k(6508k free)

vm_info: OpenJDK 64-Bit Server VM (25.242-b01) for windows-amd64 JRE (1.8.0_242-release-1644-b01), built by "builder" with MS VC++ 10.0 (VS2010)

time: Sat Sep 25 12:05:00 2021
timezone: Sri Lanka Standard Time
elapsed time: 22 seconds (0d 0h 0m 22s)

