#
# There is insufficient memory for the Java Runtime Environment to continue.
# Native memory allocation (malloc) failed to allocate 1499808 bytes for Chunk::new
# Possible reasons:
#   The system is out of physical RAM or swap space
#   The process is running with CompressedOops enabled, and the Java Heap may be blocking the growth of the native heap
# Possible solutions:
#   Reduce memory load on the system
#   Increase physical memory or swap space
#   Check if swap backing store is full
#   Decrease Java heap size (-Xmx/-Xms)
#   Decrease number of Java threads
#   Decrease Java thread stack sizes (-Xss)
#   Set larger code cache with -XX:ReservedCodeCacheSize=
#   JVM is running with Unscaled Compressed Oops mode in which the Java heap is
#     placed in the first 4GB address space. The Java Heap base address is the
#     maximum limit for the native heap growth. Please use -XX:HeapBaseMinAddress
#     to set the Java Heap base and to place the Java Heap above 4GB virtual address.
# This output file may be truncated or incomplete.
#
#  Out of Memory Error (allocation.cpp:389), pid=5072, tid=0x0000000000001a30
#
# JRE version: OpenJDK Runtime Environment (8.0_242-b01) (build 1.8.0_242-release-1644-b01)
# Java VM: OpenJDK 64-Bit Server VM (25.242-b01 mixed mode windows-amd64 compressed oops)
# Failed to write core dump. Minidumps are not enabled by default on client versions of Windows
#

---------------  T H R E A D  ---------------

Current thread (0x000000001766a000):  JavaThread "C2 CompilerThread0" daemon [_thread_in_native, id=6704, stack(0x0000000018cd0000,0x0000000018dd0000)]

Stack: [0x0000000018cd0000,0x0000000018dd0000]
[error occurred during error reporting (printing stack bounds), id 0xc0000005]

Native frames: (J=compiled Java code, j=interpreted, Vv=VM code, C=native code)


Current CompileTask:
C2: 536984 18006       4       org.gradle.api.internal.artifacts.ivyservice.resolveengine.graph.builder.DependencyGraphBuilder::resolveEdges (43 bytes)


---------------  P R O C E S S  ---------------

Java Threads: ( => current thread )
  0x000000001e795000 JavaThread "WorkerExecutor Queue Thread 2" [_thread_blocked, id=11584, stack(0x000000002bae0000,0x000000002bbe0000)]
  0x000000001e798000 JavaThread "WorkerExecutor Queue" [_thread_blocked, id=732, stack(0x000000002b7e0000,0x000000002b8e0000)]
  0x000000001e798800 JavaThread "Cache worker for execution history cache (C:\Users\home\Desktop\MAD\DeliveryManage\.gradle\6.5\executionHistory)" [_thread_blocked, id=11656, stack(0x000000002b3b0000,0x000000002b4b0000)]
  0x000000001e797000 JavaThread "Cache worker for Build Output Cleanup Cache (C:\Users\home\Desktop\MAD\DeliveryManage\.gradle\buildOutputCleanup)" [_thread_blocked, id=6312, stack(0x0000000029a70000,0x0000000029b70000)]
  0x000000001e795800 JavaThread "Build operations Thread 4" [_thread_blocked, id=1656, stack(0x0000000022500000,0x0000000022600000)]
  0x00000000209ec000 JavaThread "Build operations Thread 3" [_thread_blocked, id=580, stack(0x0000000022400000,0x0000000022500000)]
  0x00000000209ee000 JavaThread "Build operations Thread 2" [_thread_blocked, id=9176, stack(0x0000000022300000,0x0000000022400000)]
  0x00000000209f2800 JavaThread "Build operations" [_thread_blocked, id=1268, stack(0x0000000021900000,0x0000000021a00000)]
  0x00000000209ef000 JavaThread "Cache worker for cache directory md-rule (C:\Users\home\.gradle\caches\6.5\md-rule)" [_thread_blocked, id=11440, stack(0x0000000021400000,0x0000000021500000)]
  0x00000000209e4800 JavaThread "Cache worker for checksums cache (C:\Users\home\Desktop\MAD\DeliveryManage\.gradle\checksums)" [_thread_blocked, id=12040, stack(0x000000001d0f0000,0x000000001d1f0000)]
  0x00000000209eb000 JavaThread "Cache worker for file hash cache (C:\Users\home\Desktop\MAD\DeliveryManage\.gradle\6.5\fileHashes)" [_thread_blocked, id=1920, stack(0x000000001cff0000,0x000000001d0f0000)]
  0x00000000209e9000 JavaThread "Thread-595" [_thread_blocked, id=10064, stack(0x000000001cef0000,0x000000001cff0000)]
  0x00000000209ea800 JavaThread "Stdin handler" [_thread_blocked, id=10536, stack(0x000000001cdf0000,0x000000001cef0000)]
  0x00000000209e8000 JavaThread "Asynchronous log dispatcher for DefaultDaemonConnection: socket connection from /127.0.0.1:59271 to /127.0.0.1:59591" [_thread_blocked, id=4612, stack(0x000000001ccf0000,0x000000001cdf0000)]
  0x00000000209e7800 JavaThread "Cancel handler" [_thread_blocked, id=7688, stack(0x000000001caf0000,0x000000001cbf0000)]
  0x00000000209e9800 JavaThread "Handler for socket connection from /127.0.0.1:59271 to /127.0.0.1:59591" [_thread_in_native, id=10908, stack(0x0000000000e70000,0x0000000000f70000)]
  0x000000001e792800 JavaThread "jar transforms Thread 368" [_thread_blocked, id=8292, stack(0x0000000029140000,0x0000000029240000)]
  0x000000001e792000 JavaThread "jar transforms Thread 367" [_thread_blocked, id=11548, stack(0x0000000028200000,0x0000000028300000)]
  0x000000001e78f000 JavaThread "jar transforms Thread 366" [_thread_blocked, id=104, stack(0x0000000028100000,0x0000000028200000)]
  0x000000001e78e000 JavaThread "jar transforms Thread 365" [_thread_blocked, id=2940, stack(0x0000000028000000,0x0000000028100000)]
  0x000000001e78c000 JavaThread "jar transforms Thread 364" [_thread_blocked, id=11816, stack(0x0000000027f00000,0x0000000028000000)]
  0x000000001e78d800 JavaThread "jar transforms Thread 363" [_thread_blocked, id=11952, stack(0x0000000027e00000,0x0000000027f00000)]
  0x000000001e791000 JavaThread "jar transforms Thread 362" [_thread_blocked, id=5616, stack(0x0000000027d00000,0x0000000027e00000)]
  0x000000001e790800 JavaThread "jar transforms Thread 361" [_thread_blocked, id=7244, stack(0x0000000027c00000,0x0000000027d00000)]
  0x000000001e78b000 JavaThread "jar transforms Thread 360" [_thread_blocked, id=11704, stack(0x0000000027b00000,0x0000000027c00000)]
  0x000000001e78f800 JavaThread "jar transforms Thread 359" [_thread_blocked, id=5776, stack(0x0000000027a00000,0x0000000027b00000)]
  0x000000001bab3800 JavaThread "jar transforms Thread 358" [_thread_blocked, id=600, stack(0x0000000027900000,0x0000000027a00000)]
  0x000000001bab3000 JavaThread "jar transforms Thread 357" [_thread_blocked, id=11772, stack(0x0000000027800000,0x0000000027900000)]
  0x000000001baaf000 JavaThread "jar transforms Thread 356" [_thread_blocked, id=9028, stack(0x0000000027700000,0x0000000027800000)]
  0x000000001bab0800 JavaThread "jar transforms Thread 355" [_thread_blocked, id=1796, stack(0x0000000027600000,0x0000000027700000)]
  0x000000001baae800 JavaThread "jar transforms Thread 354" [_thread_blocked, id=8664, stack(0x0000000027500000,0x0000000027600000)]
  0x000000001bab1800 JavaThread "jar transforms Thread 353" [_thread_blocked, id=10584, stack(0x0000000027400000,0x0000000027500000)]
  0x000000001bab2000 JavaThread "jar transforms Thread 352" [_thread_blocked, id=10816, stack(0x0000000027300000,0x0000000027400000)]
  0x000000001bab5000 JavaThread "jar transforms Thread 351" [_thread_blocked, id=7324, stack(0x0000000027200000,0x0000000027300000)]
  0x000000001bab0000 JavaThread "jar transforms Thread 350" [_thread_blocked, id=9688, stack(0x0000000027100000,0x0000000027200000)]
  0x000000001bab4800 JavaThread "jar transforms Thread 349" [_thread_blocked, id=6424, stack(0x0000000027000000,0x0000000027100000)]
  0x000000001baa8800 JavaThread "jar transforms Thread 348" [_thread_blocked, id=8244, stack(0x0000000026f00000,0x0000000027000000)]
  0x000000001baa7800 JavaThread "jar transforms Thread 347" [_thread_blocked, id=8576, stack(0x0000000026e00000,0x0000000026f00000)]
  0x000000001baa7000 JavaThread "jar transforms Thread 346" [_thread_blocked, id=5936, stack(0x0000000026d00000,0x0000000026e00000)]
  0x000000001baad800 JavaThread "jar transforms Thread 345" [_thread_blocked, id=6572, stack(0x0000000026c00000,0x0000000026d00000)]
  0x000000001baa6000 JavaThread "jar transforms Thread 344" [_thread_blocked, id=3416, stack(0x0000000026b00000,0x0000000026c00000)]
  0x000000001baac000 JavaThread "jar transforms Thread 343" [_thread_blocked, id=6080, stack(0x0000000026a00000,0x0000000026b00000)]
  0x000000001baad000 JavaThread "jar transforms Thread 342" [_thread_blocked, id=12016, stack(0x0000000026900000,0x0000000026a00000)]
  0x000000001baab800 JavaThread "jar transforms Thread 341" [_thread_blocked, id=11360, stack(0x0000000026800000,0x0000000026900000)]
  0x000000001baaa800 JavaThread "jar transforms Thread 340" [_thread_blocked, id=9452, stack(0x0000000026700000,0x0000000026800000)]
  0x000000001baaa000 JavaThread "jar transforms Thread 339" [_thread_blocked, id=11320, stack(0x0000000026600000,0x0000000026700000)]
  0x000000001baa9000 JavaThread "jar transforms Thread 338" [_thread_blocked, id=6464, stack(0x0000000026500000,0x0000000026600000)]
  0x0000000019833000 JavaThread "jar transforms Thread 337" [_thread_blocked, id=724, stack(0x0000000026400000,0x0000000026500000)]
  0x0000000019832800 JavaThread "jar transforms Thread 336" [_thread_blocked, id=1168, stack(0x0000000026300000,0x0000000026400000)]
  0x0000000019831800 JavaThread "jar transforms Thread 335" [_thread_blocked, id=8364, stack(0x0000000026200000,0x0000000026300000)]
  0x0000000019834800 JavaThread "jar transforms Thread 334" [_thread_blocked, id=5632, stack(0x0000000026100000,0x0000000026200000)]
  0x0000000019831000 JavaThread "jar transforms Thread 333" [_thread_blocked, id=7036, stack(0x0000000026000000,0x0000000026100000)]
  0x000000001de7e800 JavaThread "jar transforms Thread 332" [_thread_blocked, id=12104, stack(0x0000000025f00000,0x0000000026000000)]
  0x000000001de7e000 JavaThread "jar transforms Thread 331" [_thread_blocked, id=6180, stack(0x0000000025e00000,0x0000000025f00000)]
  0x000000001de7d000 JavaThread "jar transforms Thread 330" [_thread_blocked, id=6152, stack(0x0000000025d00000,0x0000000025e00000)]
  0x000000001de7c800 JavaThread "jar transforms Thread 329" [_thread_blocked, id=5400, stack(0x0000000025c00000,0x0000000025d00000)]
  0x000000001de7b000 JavaThread "jar transforms Thread 328" [_thread_blocked, id=9804, stack(0x0000000025b00000,0x0000000025c00000)]
  0x000000001de7a000 JavaThread "jar transforms Thread 327" [_thread_blocked, id=1720, stack(0x0000000025a00000,0x0000000025b00000)]
  0x000000001de80000 JavaThread "jar transforms Thread 326" [_thread_blocked, id=8688, stack(0x0000000025900000,0x0000000025a00000)]
  0x000000001de7f800 JavaThread "jar transforms Thread 325" [_thread_blocked, id=5496, stack(0x0000000025800000,0x0000000025900000)]
  0x000000001de79800 JavaThread "jar transforms Thread 324" [_thread_blocked, id=9848, stack(0x0000000025700000,0x0000000025800000)]
  0x000000001de7b800 JavaThread "jar transforms Thread 323" [_thread_blocked, id=9692, stack(0x0000000025600000,0x0000000025700000)]
  0x000000001de72000 JavaThread "jar transforms Thread 322" [_thread_blocked, id=8240, stack(0x0000000025500000,0x0000000025600000)]
  0x000000001de78800 JavaThread "jar transforms Thread 321" [_thread_blocked, id=10640, stack(0x0000000025400000,0x0000000025500000)]
  0x000000001de71000 JavaThread "jar transforms Thread 320" [_thread_blocked, id=12284, stack(0x0000000025100000,0x0000000025200000)]
  0x000000001de78000 JavaThread "jar transforms Thread 319" [_thread_blocked, id=2972, stack(0x0000000025000000,0x0000000025100000)]
  0x000000001de77000 JavaThread "jar transforms Thread 318" [_thread_blocked, id=3376, stack(0x0000000024f00000,0x0000000025000000)]
  0x000000001e302800 JavaThread "jar transforms Thread 317" [_thread_blocked, id=10676, stack(0x0000000024e00000,0x0000000024f00000)]
  0x000000001e309000 JavaThread "jar transforms Thread 316" [_thread_blocked, id=2968, stack(0x0000000024d00000,0x0000000024e00000)]
  0x000000001e308800 JavaThread "jar transforms Thread 315" [_thread_blocked, id=5872, stack(0x0000000024c00000,0x0000000024d00000)]
  0x000000001e307800 JavaThread "jar transforms Thread 314" [_thread_blocked, id=6668, stack(0x0000000024b00000,0x0000000024c00000)]
  0x000000001e305800 JavaThread "jar transforms Thread 313" [_thread_blocked, id=7212, stack(0x0000000024a00000,0x0000000024b00000)]
  0x000000001e306000 JavaThread "jar transforms Thread 312" [_thread_blocked, id=9540, stack(0x0000000024900000,0x0000000024a00000)]
  0x000000001e304800 JavaThread "jar transforms Thread 311" [_thread_blocked, id=7132, stack(0x0000000024800000,0x0000000024900000)]
  0x000000001e301800 JavaThread "jar transforms Thread 310" [_thread_blocked, id=2160, stack(0x0000000024700000,0x0000000024800000)]
  0x000000001e304000 JavaThread "jar transforms Thread 309" [_thread_blocked, id=11540, stack(0x0000000024600000,0x0000000024700000)]
  0x000000001e2fa000 JavaThread "jar transforms Thread 308" [_thread_blocked, id=10684, stack(0x0000000024500000,0x0000000024600000)]
  0x000000001e300000 JavaThread "jar transforms Thread 307" [_thread_blocked, id=8384, stack(0x0000000024400000,0x0000000024500000)]
  0x000000001e2fd000 JavaThread "jar transforms Thread 306" [_thread_blocked, id=120, stack(0x0000000024300000,0x0000000024400000)]
  0x000000001e2fc800 JavaThread "jar transforms Thread 305" [_thread_blocked, id=5464, stack(0x0000000024200000,0x0000000024300000)]
  0x000000001e2fe800 JavaThread "jar transforms Thread 304" [_thread_blocked, id=7700, stack(0x0000000024100000,0x0000000024200000)]
  0x000000001e2fa800 JavaThread "jar transforms Thread 303" [_thread_blocked, id=6072, stack(0x0000000024000000,0x0000000024100000)]
  0x000000001e2ff800 JavaThread "jar transforms Thread 302" [_thread_blocked, id=9064, stack(0x0000000023f00000,0x0000000024000000)]
  0x000000001e2fb800 JavaThread "jar transforms Thread 301" [_thread_blocked, id=5708, stack(0x0000000023e00000,0x0000000023f00000)]
  0x000000001bac0800 JavaThread "jar transforms Thread 300" [_thread_blocked, id=10568, stack(0x0000000023d00000,0x0000000023e00000)]
  0x000000001bac3800 JavaThread "jar transforms Thread 299" [_thread_blocked, id=1016, stack(0x0000000023c00000,0x0000000023d00000)]
  0x000000001bac3000 JavaThread "jar transforms Thread 298" [_thread_blocked, id=3436, stack(0x0000000023b00000,0x0000000023c00000)]
  0x000000001babf000 JavaThread "jar transforms Thread 297" [_thread_blocked, id=9888, stack(0x0000000023a00000,0x0000000023b00000)]
  0x000000001bac5000 JavaThread "jar transforms Thread 296" [_thread_blocked, id=896, stack(0x0000000023900000,0x0000000023a00000)]
  0x000000001bac0000 JavaThread "jar transforms Thread 295" [_thread_blocked, id=4772, stack(0x0000000023800000,0x0000000023900000)]
  0x000000001bac2000 JavaThread "jar transforms Thread 294" [_thread_blocked, id=10048, stack(0x0000000023700000,0x0000000023800000)]
  0x000000001bab7800 JavaThread "jar transforms Thread 293" [_thread_blocked, id=2576, stack(0x0000000023600000,0x0000000023700000)]
  0x000000001babe800 JavaThread "jar transforms Thread 292" [_thread_blocked, id=4588, stack(0x0000000023500000,0x0000000023600000)]
  0x000000001bab7000 JavaThread "jar transforms Thread 291" [_thread_blocked, id=1780, stack(0x0000000023400000,0x0000000023500000)]
  0x000000001babd800 JavaThread "jar transforms Thread 290" [_thread_blocked, id=7056, stack(0x0000000023300000,0x0000000023400000)]
  0x000000001baba000 JavaThread "jar transforms Thread 289" [_thread_blocked, id=10300, stack(0x0000000023200000,0x0000000023300000)]
  0x000000001bab9000 JavaThread "jar transforms Thread 288" [_thread_blocked, id=10148, stack(0x0000000023100000,0x0000000023200000)]
  0x000000001bab6000 JavaThread "jar transforms Thread 287" [_thread_blocked, id=7020, stack(0x0000000023000000,0x0000000023100000)]
  0x000000001babd000 JavaThread "jar transforms Thread 286" [_thread_blocked, id=10756, stack(0x0000000022f00000,0x0000000023000000)]
  0x000000001bab8800 JavaThread "jar transforms Thread 285" [_thread_blocked, id=892, stack(0x0000000022e00000,0x0000000022f00000)]
  0x000000001babb800 JavaThread "jar transforms Thread 284" [_thread_blocked, id=10008, stack(0x0000000022d00000,0x0000000022e00000)]
  0x000000001baba800 JavaThread "jar transforms Thread 283" [_thread_blocked, id=2344, stack(0x0000000022c00000,0x0000000022d00000)]
  0x00000000209f0800 JavaThread "jar transforms Thread 282" [_thread_blocked, id=9696, stack(0x0000000022b00000,0x0000000022c00000)]
  0x00000000209ec800 JavaThread "jar transforms Thread 281" [_thread_blocked, id=8348, stack(0x0000000022a00000,0x0000000022b00000)]
  0x00000000209ef800 JavaThread "jar transforms Thread 280" [_thread_blocked, id=7616, stack(0x0000000022900000,0x0000000022a00000)]
  0x00000000209f3800 JavaThread "jar transforms Thread 279" [_thread_blocked, id=8504, stack(0x0000000022800000,0x0000000022900000)]
  0x00000000209f2000 JavaThread "jar transforms Thread 278" [_thread_blocked, id=4068, stack(0x0000000022700000,0x0000000022800000)]
  0x00000000209f1000 JavaThread "jar transforms Thread 277" [_thread_blocked, id=5136, stack(0x0000000022600000,0x0000000022700000)]
  0x000000001e301000 JavaThread "Daemon worker Thread 3" [_thread_in_native, id=4228, stack(0x000000001cbf0000,0x000000001ccf0000)]
  0x000000001e2fe000 JavaThread "Daemon Thread 3" [_thread_blocked, id=5444, stack(0x0000000000d70000,0x0000000000e70000)]
  0x000000001babc000 JavaThread "Memory manager" [_thread_blocked, id=6960, stack(0x0000000028750000,0x0000000028850000)]
  0x0000000019835800 JavaThread "Cache worker for file content cache (C:\Users\home\.gradle\caches\6.5\fileContent)" [_thread_blocked, id=3776, stack(0x0000000021a00000,0x0000000021b00000)]
  0x0000000019834000 JavaThread "Cache worker for execution history cache (C:\Users\home\.gradle\caches\6.5\executionHistory)" [_thread_blocked, id=4364, stack(0x000000001fc90000,0x000000001fd90000)]
  0x0000000019830000 JavaThread "Cache worker for file hash cache (C:\Users\home\.gradle\caches\6.5\fileHashes)" [_thread_blocked, id=1160, stack(0x000000001d6f0000,0x000000001d7f0000)]
  0x000000001982f800 JavaThread "File lock request listener" [_thread_in_native, id=11940, stack(0x000000001d5f0000,0x000000001d6f0000)]
  0x0000000019836000 JavaThread "Cache worker for journal cache (C:\Users\home\.gradle\caches\journal-1)" [_thread_blocked, id=6956, stack(0x000000001d3f0000,0x000000001d4f0000)]
  0x0000000019071800 JavaThread "Daemon periodic checks" [_thread_blocked, id=1580, stack(0x000000001c7f0000,0x000000001c8f0000)]
  0x0000000019c4d800 JavaThread "Incoming local TCP Connector on port 59271" [_thread_in_native, id=6736, stack(0x000000001c5b0000,0x000000001c6b0000)]
  0x000000001ae0f800 JavaThread "Daemon health stats" [_thread_blocked, id=5272, stack(0x000000001bf70000,0x000000001c070000)]
  0x0000000018dda000 JavaThread "Service Thread" daemon [_thread_blocked, id=8196, stack(0x00000000193d0000,0x00000000194d0000)]
  0x0000000018dd3800 JavaThread "C1 CompilerThread2" daemon [_thread_blocked, id=10660, stack(0x00000000192d0000,0x00000000193d0000)]
  0x00000000176ca000 JavaThread "C2 CompilerThread1" daemon [_thread_blocked, id=7296, stack(0x00000000191d0000,0x00000000192d0000)]
=>0x000000001766a000 JavaThread "C2 CompilerThread0" daemon [_thread_in_native, id=6704, stack(0x0000000018cd0000,0x0000000018dd0000)]
  0x000000001767b800 JavaThread "Attach Listener" daemon [_thread_blocked, id=9236, stack(0x0000000018bd0000,0x0000000018cd0000)]
  0x0000000002a4e800 JavaThread "Signal Dispatcher" daemon [_thread_blocked, id=6212, stack(0x0000000018ad0000,0x0000000018bd0000)]
  0x0000000002a46000 JavaThread "Finalizer" daemon [_thread_blocked, id=4528, stack(0x00000000188d0000,0x00000000189d0000)]
  0x0000000017659000 JavaThread "Reference Handler" daemon [_thread_blocked, id=9208, stack(0x00000000187d0000,0x00000000188d0000)]
  0x0000000000fde000 JavaThread "main" [_thread_blocked, id=1624, stack(0x00000000027c0000,0x00000000028c0000)]

Other Threads:
  0x0000000017636800 VMThread [stack: 0x00000000186d0000,0x00000000187d0000] [id=9556]
  0x0000000018ddb000 WatcherThread [stack: 0x00000000194d0000,0x00000000195d0000] [id=12172]

VM state:not at safepoint (normal execution)

VM Mutex/Monitor currently owned by a thread: None

heap address: 0x0000000080000000, size: 2048 MB, Compressed Oops mode: 32-bit
Narrow klass base: 0x0000000000000000, Narrow klass shift: 3
Compressed class space size: 1073741824 Address: 0x0000000100000000

Heap:
 PSYoungGen      total 405504K, used 289253K [0x00000000d5580000, 0x00000000f9480000, 0x0000000100000000)
  eden space 382976K, 73% used [0x00000000d5580000,0x00000000e6969430,0x00000000ecb80000)
  from space 22528K, 29% used [0x00000000f0300000,0x00000000f0990010,0x00000000f1900000)
  to   space 56832K, 0% used [0x00000000ecb80000,0x00000000ecb80000,0x00000000f0300000)
 ParOldGen       total 253440K, used 79233K [0x0000000080000000, 0x000000008f780000, 0x00000000d5580000)
  object space 253440K, 31% used [0x0000000080000000,0x0000000084d60678,0x000000008f780000)
 Metaspace       used 85494K, capacity 91244K, committed 91416K, reserved 1128448K
  class space    used 11317K, capacity 12301K, committed 12336K, reserved 1048576K

Card table byte_map: [0x0000000011e10000,0x0000000012220000] byte_map_base: 0x0000000011a10000

Marking Bits: (ParMarkBitMap*) 0x00000000591bf030
 Begin Bits: [0x00000000128d0000, 0x00000000148d0000)
 End Bits:   [0x00000000148d0000, 0x00000000168d0000)

Polling page: 0x0000000000f90000

CodeCache: size=245760Kb used=47186Kb max_used=47212Kb free=198573Kb
 bounds [0x0000000002a50000, 0x00000000058b0000, 0x0000000011a50000]
 total_blobs=15161 nmethods=14320 adapters=752
 compilation: enabled

Compilation events (10 events):
Event: 536.948 Thread 0x0000000018dd3800 18044       3       java.util.concurrent.CopyOnWriteArrayList::indexOf (14 bytes)
Event: 536.948 Thread 0x0000000018dd3800 nmethod 18044 0x000000000588a750 code [0x000000000588a8c0, 0x000000000588aae8]
Event: 536.949 Thread 0x0000000018dd3800 18040       3       org.gradle.internal.logging.text.AbstractLineChoppingStyledTextOutput$StateContext::flushStartLine (8 bytes)
Event: 536.950 Thread 0x0000000018dd3800 nmethod 18040 0x0000000005887210 code [0x0000000005887380, 0x00000000058875a8]
Event: 536.951 Thread 0x0000000018dd3800 18041       3       org.gradle.internal.logging.text.AbstractLineChoppingStyledTextOutput::doStartLine (1 bytes)
Event: 536.951 Thread 0x0000000018dd3800 nmethod 18041 0x0000000005886e10 code [0x0000000005886f60, 0x00000000058870b0]
Event: 536.976 Thread 0x0000000018dd3800 18046       3       java.util.concurrent.TimeUnit$4::toNanos (11 bytes)
Event: 536.977 Thread 0x0000000018dd3800 nmethod 18046 0x0000000002f6d950 code [0x0000000002f6dac0, 0x0000000002f6dd30]
Event: 536.979 Thread 0x0000000018dd3800 18047       3       sun.misc.Unsafe::getAndSetObject (24 bytes)
Event: 536.980 Thread 0x0000000018dd3800 nmethod 18047 0x0000000002f6d510 code [0x0000000002f6d680, 0x0000000002f6d890]

GC Heap History (10 events):
Event: 23.904 GC heap before
{Heap before GC invocations=15 (full 4):
 PSYoungGen      total 439808K, used 33782K [0x00000000d5580000, 0x00000000f3880000, 0x0000000100000000)
  eden space 406016K, 0% used [0x00000000d5580000,0x00000000d5580000,0x00000000ee200000)
  from space 33792K, 99% used [0x00000000ee200000,0x00000000f02fda18,0x00000000f0300000)
  to   space 22528K, 0% used [0x00000000f0300000,0x00000000f0300000,0x00000000f1900000)
 ParOldGen       total 140800K, used 124353K [0x0000000080000000, 0x0000000088980000, 0x00000000d5580000)
  object space 140800K, 88% used [0x0000000080000000,0x0000000087970520,0x0000000088980000)
 Metaspace       used 72459K, capacity 76302K, committed 76440K, reserved 1114112K
  class space    used 10068K, capacity 10808K, committed 10928K, reserved 1048576K
Event: 24.668 GC heap after
Heap after GC invocations=15 (full 4):
 PSYoungGen      total 439808K, used 0K [0x00000000d5580000, 0x00000000f3880000, 0x0000000100000000)
  eden space 406016K, 0% used [0x00000000d5580000,0x00000000d5580000,0x00000000ee200000)
  from space 33792K, 0% used [0x00000000ee200000,0x00000000ee200000,0x00000000f0300000)
  to   space 22528K, 0% used [0x00000000f0300000,0x00000000f0300000,0x00000000f1900000)
 ParOldGen       total 140800K, used 109129K [0x0000000080000000, 0x0000000088980000, 0x00000000d5580000)
  object space 140800K, 77% used [0x0000000080000000,0x0000000086a92738,0x0000000088980000)
 Metaspace       used 72428K, capacity 76208K, committed 76440K, reserved 1114112K
  class space    used 10058K, capacity 10791K, committed 10928K, reserved 1048576K
}
Event: 131.971 GC heap before
{Heap before GC invocations=16 (full 5):
 PSYoungGen      total 439808K, used 406016K [0x00000000d5580000, 0x00000000f3880000, 0x0000000100000000)
  eden space 406016K, 100% used [0x00000000d5580000,0x00000000ee200000,0x00000000ee200000)
  from space 33792K, 0% used [0x00000000ee200000,0x00000000ee200000,0x00000000f0300000)
  to   space 22528K, 0% used [0x00000000f0300000,0x00000000f0300000,0x00000000f1900000)
 ParOldGen       total 140800K, used 109129K [0x0000000080000000, 0x0000000088980000, 0x00000000d5580000)
  object space 140800K, 77% used [0x0000000080000000,0x0000000086a92738,0x0000000088980000)
 Metaspace       used 80363K, capacity 84450K, committed 84632K, reserved 1122304K
  class space    used 10792K, capacity 11594K, committed 11696K, reserved 1048576K
Event: 132.361 GC heap after
Heap after GC invocations=16 (full 5):
 PSYoungGen      total 439808K, used 0K [0x00000000d5580000, 0x00000000f3880000, 0x0000000100000000)
  eden space 406016K, 0% used [0x00000000d5580000,0x00000000d5580000,0x00000000ee200000)
  from space 33792K, 0% used [0x00000000ee200000,0x00000000ee200000,0x00000000f0300000)
  to   space 22528K, 0% used [0x00000000f0300000,0x00000000f0300000,0x00000000f1900000)
 ParOldGen       total 253440K, used 59490K [0x0000000080000000, 0x000000008f780000, 0x00000000d5580000)
  object space 253440K, 23% used [0x0000000080000000,0x0000000083a18948,0x000000008f780000)
 Metaspace       used 80363K, capacity 84450K, committed 84632K, reserved 1122304K
  class space    used 10792K, capacity 11594K, committed 11696K, reserved 1048576K
}
Event: 303.903 GC heap before
{Heap before GC invocations=17 (full 5):
 PSYoungGen      total 439808K, used 406016K [0x00000000d5580000, 0x00000000f3880000, 0x0000000100000000)
  eden space 406016K, 100% used [0x00000000d5580000,0x00000000ee200000,0x00000000ee200000)
  from space 33792K, 0% used [0x00000000ee200000,0x00000000ee200000,0x00000000f0300000)
  to   space 22528K, 0% used [0x00000000f0300000,0x00000000f0300000,0x00000000f1900000)
 ParOldGen       total 253440K, used 59490K [0x0000000080000000, 0x000000008f780000, 0x00000000d5580000)
  object space 253440K, 23% used [0x0000000080000000,0x0000000083a18948,0x000000008f780000)
 Metaspace       used 83488K, capacity 87948K, committed 88216K, reserved 1126400K
  class space    used 11090K, capacity 11927K, committed 11952K, reserved 1048576K
Event: 303.936 GC heap after
Heap after GC invocations=17 (full 5):
 PSYoungGen      total 428544K, used 22496K [0x00000000d5580000, 0x00000000f3880000, 0x0000000100000000)
  eden space 406016K, 0% used [0x00000000d5580000,0x00000000d5580000,0x00000000ee200000)
  from space 22528K, 99% used [0x00000000f0300000,0x00000000f18f8020,0x00000000f1900000)
  to   space 33792K, 0% used [0x00000000ee200000,0x00000000ee200000,0x00000000f0300000)
 ParOldGen       total 253440K, used 63028K [0x0000000080000000, 0x000000008f780000, 0x00000000d5580000)
  object space 253440K, 24% used [0x0000000080000000,0x0000000083d8d0b8,0x000000008f780000)
 Metaspace       used 83488K, capacity 87948K, committed 88216K, reserved 1126400K
  class space    used 11090K, capacity 11927K, committed 11952K, reserved 1048576K
}
Event: 393.622 GC heap before
{Heap before GC invocations=18 (full 5):
 PSYoungGen      total 428544K, used 428512K [0x00000000d5580000, 0x00000000f3880000, 0x0000000100000000)
  eden space 406016K, 100% used [0x00000000d5580000,0x00000000ee200000,0x00000000ee200000)
  from space 22528K, 99% used [0x00000000f0300000,0x00000000f18f8020,0x00000000f1900000)
  to   space 33792K, 0% used [0x00000000ee200000,0x00000000ee200000,0x00000000f0300000)
 ParOldGen       total 253440K, used 63028K [0x0000000080000000, 0x000000008f780000, 0x00000000d5580000)
  object space 253440K, 24% used [0x0000000080000000,0x0000000083d8d0b8,0x000000008f780000)
 Metaspace       used 84120K, capacity 88868K, committed 89112K, reserved 1126400K
  class space    used 11138K, capacity 12013K, committed 12080K, reserved 1048576K
Event: 393.656 GC heap after
Heap after GC invocations=18 (full 5):
 PSYoungGen      total 439808K, used 14976K [0x00000000d5580000, 0x00000000f3880000, 0x0000000100000000)
  eden space 406016K, 0% used [0x00000000d5580000,0x00000000d5580000,0x00000000ee200000)
  from space 33792K, 44% used [0x00000000ee200000,0x00000000ef0a0020,0x00000000f0300000)
  to   space 22528K, 0% used [0x00000000f0300000,0x00000000f0300000,0x00000000f1900000)
 ParOldGen       total 253440K, used 79225K [0x0000000080000000, 0x000000008f780000, 0x00000000d5580000)
  object space 253440K, 31% used [0x0000000080000000,0x0000000084d5e678,0x000000008f780000)
 Metaspace       used 84120K, capacity 88868K, committed 89112K, reserved 1126400K
  class space    used 11138K, capacity 12013K, committed 12080K, reserved 1048576K
}
Event: 482.689 GC heap before
{Heap before GC invocations=19 (full 5):
 PSYoungGen      total 439808K, used 420992K [0x00000000d5580000, 0x00000000f3880000, 0x0000000100000000)
  eden space 406016K, 100% used [0x00000000d5580000,0x00000000ee200000,0x00000000ee200000)
  from space 33792K, 44% used [0x00000000ee200000,0x00000000ef0a0020,0x00000000f0300000)
  to   space 22528K, 0% used [0x00000000f0300000,0x00000000f0300000,0x00000000f1900000)
 ParOldGen       total 253440K, used 79225K [0x0000000080000000, 0x000000008f780000, 0x00000000d5580000)
  object space 253440K, 31% used [0x0000000080000000,0x0000000084d5e678,0x000000008f780000)
 Metaspace       used 85003K, capacity 90732K, committed 90904K, reserved 1128448K
  class space    used 11272K, capacity 12259K, committed 12336K, reserved 1048576K
Event: 482.704 GC heap after
Heap after GC invocations=19 (full 5):
 PSYoungGen      total 405504K, used 6720K [0x00000000d5580000, 0x00000000f9480000, 0x0000000100000000)
  eden space 382976K, 0% used [0x00000000d5580000,0x00000000d5580000,0x00000000ecb80000)
  from space 22528K, 29% used [0x00000000f0300000,0x00000000f0990010,0x00000000f1900000)
  to   space 56832K, 0% used [0x00000000ecb80000,0x00000000ecb80000,0x00000000f0300000)
 ParOldGen       total 253440K, used 79233K [0x0000000080000000, 0x000000008f780000, 0x00000000d5580000)
  object space 253440K, 31% used [0x0000000080000000,0x0000000084d60678,0x000000008f780000)
 Metaspace       used 85003K, capacity 90732K, committed 90904K, reserved 1128448K
  class space    used 11272K, capacity 12259K, committed 12336K, reserved 1048576K
}

Deoptimization events (10 events):
Event: 536.912 Thread 0x000000001e798000 Uncommon trap: reason=class_check action=maybe_recompile pc=0x0000000002ffbb80 method=java.lang.Throwable.<init>(Ljava/lang/String;Ljava/lang/Throwable;)V @ 24
Event: 536.912 Thread 0x000000001e798000 Uncommon trap: reason=unstable_if action=reinterpret pc=0x0000000004ab2b10 method=org.gradle.internal.operations.DefaultBuildOperationExecutor$3.stop()V @ 61
Event: 536.913 Thread 0x000000001e79a000 Uncommon trap: reason=unstable_if action=reinterpret pc=0x0000000004ab2b10 method=org.gradle.internal.operations.DefaultBuildOperationExecutor$3.stop()V @ 61
Event: 536.914 Thread 0x000000001e79a000 Uncommon trap: reason=bimorphic action=maybe_recompile pc=0x0000000003ac30c8 method=org.gradle.internal.fingerprint.impl.DefaultCurrentFileCollectionFingerprint.from(Ljava/lang/Iterable;Lorg/gradle/internal/fingerprint/FingerprintingStrategy;)Lorg/gradle/
Event: 536.916 Thread 0x000000001e79a000 Uncommon trap: reason=unstable_if action=reinterpret pc=0x0000000004ab2b10 method=org.gradle.internal.operations.DefaultBuildOperationExecutor$3.stop()V @ 61
Event: 536.928 Thread 0x000000001e301000 Uncommon trap: reason=unstable_if action=reinterpret pc=0x0000000004ab2b10 method=org.gradle.internal.operations.DefaultBuildOperationExecutor$3.stop()V @ 61
Event: 536.939 Thread 0x000000001e301000 Uncommon trap: reason=bimorphic action=maybe_recompile pc=0x0000000002d69ddc method=org.gradle.internal.logging.text.AbstractStyledTextOutput.text(Ljava/lang/Object;)Lorg/gradle/internal/logging/text/StyledTextOutput; @ 11
Event: 536.941 Thread 0x000000001e301000 Uncommon trap: reason=unstable_if action=reinterpret pc=0x0000000004ab2b10 method=org.gradle.internal.operations.DefaultBuildOperationExecutor$3.stop()V @ 61
Event: 536.941 Thread 0x000000001e301000 Uncommon trap: reason=bimorphic action=maybe_recompile pc=0x0000000004009718 method=com.google.common.cache.LocalCache$Segment.get(Ljava/lang/Object;I)Ljava/lang/Object; @ 44
Event: 536.943 Thread 0x000000001e301000 Uncommon trap: reason=bimorphic action=maybe_recompile pc=0x0000000004009718 method=com.google.common.cache.LocalCache$Segment.get(Ljava/lang/Object;I)Ljava/lang/Object; @ 44

Classes redefined (0 events):
No events

Internal exceptions (10 events):
Event: 536.060 Thread 0x000000001e301000 Implicit null exception at 0x00000000058029e3 to 0x0000000005802b1d
Event: 536.144 Thread 0x000000001e301000 Exception <a 'sun/nio/fs/WindowsException'> (0x00000000e3b88068) thrown at [C:\src\AOSP-openjdk-git\hotspot\src\share\vm\prims\jni.cpp, line 710]
Event: 536.868 Thread 0x000000001e79a000 Exception <a 'sun/nio/fs/WindowsException'> (0x00000000e6617b60) thrown at [C:\src\AOSP-openjdk-git\hotspot\src\share\vm\prims\jni.cpp, line 710]
Event: 536.868 Thread 0x000000001e79a000 Exception <a 'sun/nio/fs/WindowsException'> (0x00000000e6618bf8) thrown at [C:\src\AOSP-openjdk-git\hotspot\src\share\vm\prims\jni.cpp, line 710]
Event: 536.884 Thread 0x000000001e79a000 Exception <a 'sun/nio/fs/WindowsException'> (0x00000000e6619850) thrown at [C:\src\AOSP-openjdk-git\hotspot\src\share\vm\prims\jni.cpp, line 710]
Event: 536.885 Thread 0x000000001e79a000 Exception <a 'sun/nio/fs/WindowsException'> (0x00000000e661a8e0) thrown at [C:\src\AOSP-openjdk-git\hotspot\src\share\vm\prims\jni.cpp, line 710]
Event: 536.885 Thread 0x000000001e79a000 Exception <a 'sun/nio/fs/WindowsException'> (0x00000000e661b3c8) thrown at [C:\src\AOSP-openjdk-git\hotspot\src\share\vm\prims\jni.cpp, line 710]
Event: 536.886 Thread 0x000000001e79a000 Exception <a 'sun/nio/fs/WindowsException'> (0x00000000e661c428) thrown at [C:\src\AOSP-openjdk-git\hotspot\src\share\vm\prims\jni.cpp, line 710]
Event: 536.912 Thread 0x000000001e798000 Exception <a 'java/io/IOException': CreateProcess error=1455, The paging file is too small for this operation to complete> (0x00000000e66c7168) thrown at [C:\src\AOSP-openjdk-git\hotspot\src\share\vm\prims\jni.cpp, line 737]
Event: 536.913 Thread 0x000000001e79a000 Exception <a 'java/lang/reflect/InvocationTargetException'> (0x00000000e6693ff0) thrown at [C:\src\AOSP-openjdk-git\hotspot\src\share\vm\runtime\reflection.cpp, line 1092]

Events (10 events):
Event: 536.976 Executing VM operation: RevokeBias
Event: 536.977 Executing VM operation: RevokeBias done
Event: 536.977 Thread 0x00000000209e5000 Thread exited: 0x00000000209e5000
Event: 536.977 Thread 0x0000000018dd3800 flushing nmethod 0x00000000036cfa50
Event: 536.980 Executing VM operation: RevokeBias
Event: 536.980 Executing VM operation: RevokeBias done
Event: 536.981 Thread 0x000000001e794000 Thread exited: 0x000000001e794000
Event: 536.981 Thread 0x0000000018dd3800 flushing nmethod 0x0000000003b14cd0
Event: 536.981 Thread 0x0000000018dd3800 flushing nmethod 0x0000000003b2fcd0
Event: 536.982 Thread 0x0000000018dd3800 flushing nmethod 0x0000000003bc8710


Dynamic libraries:
0x00007ff7d4a70000 - 0x00007ff7d4aa1000 	C:\Program Files\Android\Android Studio\jre\bin\java.exe
0x00007ffe52740000 - 0x00007ffe52930000 	C:\WINDOWS\SYSTEM32\ntdll.dll
0x00007ffe50950000 - 0x00007ffe50a02000 	C:\WINDOWS\System32\KERNEL32.DLL
0x00007ffe50540000 - 0x00007ffe507e4000 	C:\WINDOWS\System32\KERNELBASE.dll
0x00007ffe51b80000 - 0x00007ffe51c23000 	C:\WINDOWS\System32\ADVAPI32.dll
0x00007ffe52590000 - 0x00007ffe5262e000 	C:\WINDOWS\System32\msvcrt.dll
0x00007ffe50b60000 - 0x00007ffe50bf7000 	C:\WINDOWS\System32\sechost.dll
0x00007ffe51a30000 - 0x00007ffe51b50000 	C:\WINDOWS\System32\RPCRT4.dll
0x00007ffe51810000 - 0x00007ffe519a4000 	C:\WINDOWS\System32\USER32.dll
0x00007ffe501c0000 - 0x00007ffe501e1000 	C:\WINDOWS\System32\win32u.dll
0x00007ffe51b50000 - 0x00007ffe51b76000 	C:\WINDOWS\System32\GDI32.dll
0x00007ffe4fe80000 - 0x00007ffe50014000 	C:\WINDOWS\System32\gdi32full.dll
0x00007ffe50020000 - 0x00007ffe500be000 	C:\WINDOWS\System32\msvcp_win.dll
0x00007ffe50290000 - 0x00007ffe5038a000 	C:\WINDOWS\System32\ucrtbase.dll
0x00007ffe3fad0000 - 0x00007ffe3fd54000 	C:\WINDOWS\WinSxS\amd64_microsoft.windows.common-controls_6595b64144ccf1df_6.0.18362.836_none_e6c4b943130f18ed\COMCTL32.dll
0x00007ffe514d0000 - 0x00007ffe51806000 	C:\WINDOWS\System32\combase.dll
0x00007ffe501f0000 - 0x00007ffe50270000 	C:\WINDOWS\System32\bcryptPrimitives.dll
0x00007ffe51e10000 - 0x00007ffe51e3e000 	C:\WINDOWS\System32\IMM32.DLL
0x0000000059c50000 - 0x0000000059d22000 	C:\Program Files\Android\Android Studio\jre\jre\bin\msvcr100.dll
0x00000000589f0000 - 0x000000005923b000 	C:\Program Files\Android\Android Studio\jre\jre\bin\server\jvm.dll
0x00007ffe51d10000 - 0x00007ffe51d18000 	C:\WINDOWS\System32\PSAPI.DLL
0x00007ffe39cf0000 - 0x00007ffe39cf9000 	C:\WINDOWS\SYSTEM32\WSOCK32.dll
0x00007ffe51d20000 - 0x00007ffe51d8f000 	C:\WINDOWS\System32\WS2_32.dll
0x00007ffe4c0b0000 - 0x00007ffe4c0d4000 	C:\WINDOWS\SYSTEM32\WINMM.dll
0x00007ffe42720000 - 0x00007ffe4272a000 	C:\WINDOWS\SYSTEM32\VERSION.dll
0x00007ffe4c080000 - 0x00007ffe4c0ad000 	C:\WINDOWS\SYSTEM32\WINMMBASE.dll
0x00007ffe500c0000 - 0x00007ffe5010a000 	C:\WINDOWS\System32\cfgmgr32.dll
0x00007ffe4a8c0000 - 0x00007ffe4a8cf000 	C:\Program Files\Android\Android Studio\jre\jre\bin\verify.dll
0x00007ffe48fe0000 - 0x00007ffe49009000 	C:\Program Files\Android\Android Studio\jre\jre\bin\java.dll
0x00007ffe48fc0000 - 0x00007ffe48fd6000 	C:\Program Files\Android\Android Studio\jre\jre\bin\zip.dll
0x00007ffe50cb0000 - 0x00007ffe51394000 	C:\WINDOWS\System32\SHELL32.dll
0x00007ffe50c00000 - 0x00007ffe50ca9000 	C:\WINDOWS\System32\shcore.dll
0x00007ffe4f6d0000 - 0x00007ffe4fe4e000 	C:\WINDOWS\System32\windows.storage.dll
0x00007ffe4f610000 - 0x00007ffe4f633000 	C:\WINDOWS\System32\profapi.dll
0x00007ffe4f640000 - 0x00007ffe4f68a000 	C:\WINDOWS\System32\powrprof.dll
0x00007ffe4f600000 - 0x00007ffe4f610000 	C:\WINDOWS\System32\UMPDC.dll
0x00007ffe51450000 - 0x00007ffe514a2000 	C:\WINDOWS\System32\shlwapi.dll
0x00007ffe4f6b0000 - 0x00007ffe4f6c1000 	C:\WINDOWS\System32\kernel.appcore.dll
0x00007ffe50270000 - 0x00007ffe50287000 	C:\WINDOWS\System32\cryptsp.dll
0x00007ffe49250000 - 0x00007ffe4926a000 	C:\Program Files\Android\Android Studio\jre\jre\bin\net.dll
0x00007ffe4ee70000 - 0x00007ffe4eed7000 	C:\WINDOWS\system32\mswsock.dll
0x00007ffe49230000 - 0x00007ffe49243000 	C:\Program Files\Android\Android Studio\jre\jre\bin\nio.dll
0x00007ffe4a960000 - 0x00007ffe4a987000 	C:\Users\home\.gradle\native\f6784746aeab05261644944871eae4fe03e0ef1612fff0a4a95f87b438bc6780\windows-amd64\native-platform.dll
0x00007ffe48fb0000 - 0x00007ffe48fbd000 	C:\Program Files\Android\Android Studio\jre\jre\bin\management.dll
0x00007ffe4e9e0000 - 0x00007ffe4ea13000 	C:\WINDOWS\system32\rsaenh.dll
0x00007ffe4fe50000 - 0x00007ffe4fe76000 	C:\WINDOWS\System32\bcrypt.dll
0x00007ffe4f520000 - 0x00007ffe4f545000 	C:\WINDOWS\SYSTEM32\USERENV.dll
0x00007ffe4f040000 - 0x00007ffe4f04c000 	C:\WINDOWS\SYSTEM32\CRYPTBASE.dll
0x00007ffe4eb80000 - 0x00007ffe4ebba000 	C:\WINDOWS\SYSTEM32\IPHLPAPI.DLL
0x00007ffe50b50000 - 0x00007ffe50b58000 	C:\WINDOWS\System32\NSI.dll
0x00007ffe481c0000 - 0x00007ffe481d6000 	C:\WINDOWS\SYSTEM32\dhcpcsvc6.DLL
0x00007ffe48700000 - 0x00007ffe4871c000 	C:\WINDOWS\SYSTEM32\dhcpcsvc.DLL
0x00007ffe4ebc0000 - 0x00007ffe4ec8b000 	C:\WINDOWS\SYSTEM32\DNSAPI.dll
0x00007ffe494e0000 - 0x00007ffe494eb000 	C:\WINDOWS\SYSTEM32\WINNSI.DLL

VM Arguments:
jvm_args: -Xmx2048m -Dfile.encoding=UTF-8 -Duser.country=US -Duser.language=en -Duser.variant 
java_command: org.gradle.launcher.daemon.bootstrap.GradleDaemon 6.5
java_class_path (initial): C:\Users\home\.gradle\wrapper\dists\gradle-6.5-bin\6nifqtx7604sqp1q6g8wikw7p\gradle-6.5\lib\gradle-launcher-6.5.jar
Launcher Type: SUN_STANDARD

Environment Variables:
JAVA_HOME=C:\Program Files\Java\jdk1.8.0_211
PATH=C:\Users\home\AppData\Roaming\Python\Python38\Scripts;C:\Program Files\Python38\;C:\Program Files\Common Files\Oracle\Java\javapath;C:\Program Files (x86)\Common Files\Oracle\Java\javapath;C:\WINDOWS\system32;C:\WINDOWS;C:\WINDOWS\System32\Wbem;C:\WINDOWS\System32\WindowsPowerShell\v1.0\;C:\WINDOWS\System32\OpenSSH\;C:\Program Files\Microsoft SQL Server\120\DTS\Binn\;C:\Program Files\Microsoft SQL Server\Client SDK\ODBC\110\Tools\Binn\;C:\Program Files (x86)\Microsoft SQL Server\120\Tools\Binn\;C:\Program Files\Microsoft SQL Server\120\Tools\Binn\;C:\Program Files (x86)\Microsoft SQL Server\120\Tools\Binn\ManagementStudio\;C:\Program Files (x86)\Microsoft SQL Server\120\DTS\Binn\;C:\Program Files\Git\cmd;C:\Program Files\nodejs\;C:\Program Files\Microsoft SQL Server\130\Tools\Binn\;C:\Program Files\Microsoft SQL Server\Client SDK\ODBC\170\Tools\Binn\;C:\Program Files\Java\jdk1.8.0_211\bin;C:\Program Files\Maven\apache-maven-3.6.3\bin;C:\Program Files\Java\jre1.8.0_211\bin;C:\Program Files\dotnet\;C:\Program Files\Java\jdk-11.0.9\bin;C:\Strawberry\c\bin;C:\Strawberry\perl\site\bin;C:\Strawberry\perl\bin;C:\Users\home\AppData\Local\Microsoft\WindowsApps;C:\Users\home\AppData\Local\Programs\Microsoft VS Code\bin;C:\Users\home\AppData\Roaming\npm;C:\src\flutter\bin;C:\Users\home\.dotnet\tools
USERNAME=home
OS=Windows_NT
PROCESSOR_IDENTIFIER=Intel64 Family 6 Model 78 Stepping 3, GenuineIntel



---------------  S Y S T E M  ---------------

OS: Windows 10.0 , 64 bit Build 18362 (10.0.18362.778)

CPU:total 4 (initial active 4) (2 cores per cpu, 2 threads per core) family 6 model 78 stepping 3, cmov, cx8, fxsr, mmx, sse, sse2, sse3, ssse3, sse4.1, sse4.2, popcnt, avx, avx2, aes, clmul, erms, 3dnowpref, lzcnt, ht, tsc, tscinvbit, bmi1, bmi2, adx

Memory: 4k page, physical 12472224k(1848880k free), swap 12472224k(5320k free)

vm_info: OpenJDK 64-Bit Server VM (25.242-b01) for windows-amd64 JRE (1.8.0_242-release-1644-b01), built by "builder" with MS VC++ 10.0 (VS2010)

time: Sat Sep 25 12:14:09 2021
timezone: Sri Lanka Standard Time
elapsed time: 537 seconds (0d 0h 8m 57s)

