#
# There is insufficient memory for the Java Runtime Environment to continue.
# Native memory allocation (malloc) failed to allocate 83216 bytes for Chunk::new
# Possible reasons:
#   The system is out of physical RAM or swap space
#   The process is running with CompressedOops enabled, and the Java Heap may be blocking the growth of the native heap
# Possible solutions:
#   Reduce memory load on the system
#   Increase physical memory or swap space
#   Check if swap backing store is full
#   Decrease Java heap size (-Xmx/-Xms)
#   Decrease number of Java threads
#   Decrease Java thread stack sizes (-Xss)
#   Set larger code cache with -XX:ReservedCodeCacheSize=
#   JVM is running with Unscaled Compressed Oops mode in which the Java heap is
#     placed in the first 4GB address space. The Java Heap base address is the
#     maximum limit for the native heap growth. Please use -XX:HeapBaseMinAddress
#     to set the Java Heap base and to place the Java Heap above 4GB virtual address.
# This output file may be truncated or incomplete.
#
#  Out of Memory Error (allocation.cpp:389), pid=8228, tid=0x0000000000000f8c
#
# JRE version: OpenJDK Runtime Environment (8.0_242-b01) (build 1.8.0_242-release-1644-b01)
# Java VM: OpenJDK 64-Bit Server VM (25.242-b01 mixed mode windows-amd64 compressed oops)
# Failed to write core dump. Minidumps are not enabled by default on client versions of Windows
#

---------------  T H R E A D  ---------------

Current thread (0x0000000017739000):  JavaThread "C2 CompilerThread0" daemon [_thread_in_native, id=3980, stack(0x0000000018d90000,0x0000000018e90000)]

Stack: [0x0000000018d90000,0x0000000018e90000]
[error occurred during error reporting (printing stack bounds), id 0xc0000005]

Native frames: (J=compiled Java code, j=interpreted, Vv=VM code, C=native code)


Current CompileTask:
C2:4055688 14471   !   4       java.util.concurrent.ArrayBlockingQueue::poll (83 bytes)


---------------  P R O C E S S  ---------------

Java Threads: ( => current thread )
  0x0000000019de3800 JavaThread "Cache worker for execution history cache (C:\Users\home\Desktop\MAD\DeliveryManage\.gradle\6.5\executionHistory)" [_thread_blocked, id=6956, stack(0x000000002b0d0000,0x000000002b1d0000)]
  0x0000000019de2000 JavaThread "Execution worker for ':' Thread 3" [_thread_in_Java, id=4368, stack(0x000000002add0000,0x000000002aed0000)]
  0x0000000019de1000 JavaThread "Execution worker for ':' Thread 2" [_thread_blocked, id=5344, stack(0x000000002acd0000,0x000000002add0000)]
  0x0000000019de2800 JavaThread "Execution worker for ':'" [_thread_blocked, id=6472, stack(0x0000000029d50000,0x0000000029e50000)]
  0x0000000019dd9800 JavaThread "Cache worker for file content cache (C:\Users\home\Desktop\MAD\DeliveryManage\.gradle\6.5\fileContent)" [_thread_blocked, id=10716, stack(0x0000000028730000,0x0000000028830000)]
  0x0000000019ddb000 JavaThread "Cache worker for Build Output Cleanup Cache (C:\Users\home\Desktop\MAD\DeliveryManage\.gradle\buildOutputCleanup)" [_thread_blocked, id=12252, stack(0x0000000028430000,0x0000000028530000)]
  0x000000002c3d7800 JavaThread "Build operations Thread 4" [_thread_blocked, id=6984, stack(0x00000000210b0000,0x00000000211b0000)]
  0x000000002c3d7000 JavaThread "Build operations Thread 3" [_thread_in_native, id=7976, stack(0x000000001fd50000,0x000000001fe50000)]
  0x000000002c3d9000 JavaThread "Build operations Thread 2" [_thread_blocked, id=6992, stack(0x000000001fa50000,0x000000001fb50000)]
  0x000000002c3d5800 JavaThread "Build operations" [_thread_blocked, id=1640, stack(0x000000001d1b0000,0x000000001d2b0000)]
  0x000000002c3cc800 JavaThread "Cache worker for cache directory md-rule (C:\Users\home\.gradle\caches\6.5\md-rule)" [_thread_blocked, id=12204, stack(0x000000001d0b0000,0x000000001d1b0000)]
  0x000000002c3d3000 JavaThread "Cache worker for cache directory md-supplier (C:\Users\home\.gradle\caches\6.5\md-supplier)" [_thread_blocked, id=2484, stack(0x000000001cfb0000,0x000000001d0b0000)]
  0x000000002c3d1800 JavaThread "Cache worker for checksums cache (C:\Users\home\Desktop\MAD\DeliveryManage\.gradle\checksums)" [_thread_blocked, id=2184, stack(0x000000001ceb0000,0x000000001cfb0000)]
  0x000000002c3cd000 JavaThread "Cache worker for file hash cache (C:\Users\home\Desktop\MAD\DeliveryManage\.gradle\6.5\fileHashes)" [_thread_blocked, id=11996, stack(0x000000001cdb0000,0x000000001ceb0000)]
  0x000000002c3d1000 JavaThread "Thread-242" [_thread_blocked, id=512, stack(0x000000001cab0000,0x000000001cbb0000)]
  0x000000002c3d0000 JavaThread "Stdin handler" [_thread_blocked, id=4504, stack(0x000000001c9b0000,0x000000001cab0000)]
  0x000000002c3cb000 JavaThread "Asynchronous log dispatcher for DefaultDaemonConnection: socket connection from /127.0.0.1:51356 to /127.0.0.1:59247" [_thread_blocked, id=3336, stack(0x000000001c570000,0x000000001c670000)]
  0x000000002c3ce800 JavaThread "Cancel handler" [_thread_blocked, id=6424, stack(0x0000000000ef0000,0x0000000000ff0000)]
  0x000000002c3ce000 JavaThread "Handler for socket connection from /127.0.0.1:51356 to /127.0.0.1:59247" [_thread_in_native, id=5684, stack(0x0000000000df0000,0x0000000000ef0000)]
  0x000000002c3ca000 JavaThread "MarlinRenderer Disposer" daemon [_thread_blocked, id=10592, stack(0x000000002dbd0000,0x000000002dcd0000)]
  0x000000002c3cb800 JavaThread "Java2D Disposer" daemon [_thread_blocked, id=4952, stack(0x000000002dad0000,0x000000002dbd0000)]
  0x0000000019d93800 JavaThread "jar transforms Thread 184" [_thread_blocked, id=12160, stack(0x0000000028330000,0x0000000028430000)]
  0x0000000019d96000 JavaThread "jar transforms Thread 183" [_thread_blocked, id=10512, stack(0x0000000028230000,0x0000000028330000)]
  0x0000000019d95000 JavaThread "jar transforms Thread 182" [_thread_blocked, id=12156, stack(0x0000000028130000,0x0000000028230000)]
  0x0000000019d99800 JavaThread "jar transforms Thread 181" [_thread_blocked, id=7736, stack(0x0000000028030000,0x0000000028130000)]
  0x0000000019d9a800 JavaThread "jar transforms Thread 180" [_thread_blocked, id=8496, stack(0x0000000027f30000,0x0000000028030000)]
  0x0000000019d94800 JavaThread "jar transforms Thread 179" [_thread_blocked, id=4712, stack(0x0000000027e30000,0x0000000027f30000)]
  0x0000000019d99000 JavaThread "jar transforms Thread 178" [_thread_blocked, id=12040, stack(0x0000000027d30000,0x0000000027e30000)]
  0x0000000019d98000 JavaThread "jar transforms Thread 177" [_thread_blocked, id=2568, stack(0x0000000027c30000,0x0000000027d30000)]
  0x0000000019d97800 JavaThread "jar transforms Thread 176" [_thread_blocked, id=10144, stack(0x0000000027b30000,0x0000000027c30000)]
  0x0000000019d96800 JavaThread "jar transforms Thread 175" [_thread_blocked, id=4616, stack(0x0000000027a30000,0x0000000027b30000)]
  0x000000001e36e000 JavaThread "jar transforms Thread 174" [_thread_blocked, id=3032, stack(0x0000000027930000,0x0000000027a30000)]
  0x000000001e36d000 JavaThread "jar transforms Thread 173" [_thread_blocked, id=1120, stack(0x0000000027830000,0x0000000027930000)]
  0x000000001e36c800 JavaThread "jar transforms Thread 172" [_thread_blocked, id=2444, stack(0x0000000027730000,0x0000000027830000)]
  0x000000001e36b800 JavaThread "jar transforms Thread 171" [_thread_blocked, id=11940, stack(0x0000000027630000,0x0000000027730000)]
  0x000000001e36b000 JavaThread "jar transforms Thread 170" [_thread_blocked, id=4364, stack(0x0000000027530000,0x0000000027630000)]
  0x000000001e36f800 JavaThread "jar transforms Thread 169" [_thread_blocked, id=12240, stack(0x0000000027430000,0x0000000027530000)]
  0x000000001e36a000 JavaThread "jar transforms Thread 168" [_thread_blocked, id=5924, stack(0x0000000027330000,0x0000000027430000)]
  0x000000001e36e800 JavaThread "jar transforms Thread 167" [_thread_blocked, id=11944, stack(0x0000000027230000,0x0000000027330000)]
  0x000000001e362800 JavaThread "jar transforms Thread 166" [_thread_blocked, id=6484, stack(0x0000000027130000,0x0000000027230000)]
  0x000000001e369800 JavaThread "jar transforms Thread 165" [_thread_blocked, id=10892, stack(0x0000000027030000,0x0000000027130000)]
  0x000000001e368800 JavaThread "jar transforms Thread 164" [_thread_blocked, id=9256, stack(0x0000000026f30000,0x0000000027030000)]
  0x000000001e361000 JavaThread "jar transforms Thread 163" [_thread_blocked, id=2396, stack(0x0000000026e30000,0x0000000026f30000)]
  0x000000001e363800 JavaThread "jar transforms Thread 162" [_thread_blocked, id=11364, stack(0x0000000026d30000,0x0000000026e30000)]
  0x000000001e365000 JavaThread "jar transforms Thread 161" [_thread_blocked, id=7172, stack(0x0000000026c30000,0x0000000026d30000)]
  0x000000001e368000 JavaThread "jar transforms Thread 160" [_thread_blocked, id=5224, stack(0x0000000026b30000,0x0000000026c30000)]
  0x000000001e364000 JavaThread "jar transforms Thread 159" [_thread_blocked, id=11036, stack(0x0000000026a30000,0x0000000026b30000)]
  0x000000001e367000 JavaThread "jar transforms Thread 158" [_thread_blocked, id=9568, stack(0x0000000026930000,0x0000000026a30000)]
  0x000000001e360800 JavaThread "jar transforms Thread 157" [_thread_blocked, id=10368, stack(0x0000000026830000,0x0000000026930000)]
  0x000000001e362000 JavaThread "jar transforms Thread 156" [_thread_blocked, id=5348, stack(0x0000000026730000,0x0000000026830000)]
  0x000000001e366800 JavaThread "jar transforms Thread 155" [_thread_blocked, id=9448, stack(0x0000000026630000,0x0000000026730000)]
  0x000000001e365800 JavaThread "jar transforms Thread 154" [_thread_blocked, id=2056, stack(0x0000000026530000,0x0000000026630000)]
  0x0000000019d6f800 JavaThread "jar transforms Thread 153" [_thread_blocked, id=5980, stack(0x0000000026430000,0x0000000026530000)]
  0x0000000019d6f000 JavaThread "jar transforms Thread 152" [_thread_blocked, id=2924, stack(0x0000000026330000,0x0000000026430000)]
  0x0000000019d6c800 JavaThread "jar transforms Thread 151" [_thread_blocked, id=4084, stack(0x0000000026230000,0x0000000026330000)]
  0x0000000019d6c000 JavaThread "jar transforms Thread 150" [_thread_blocked, id=10224, stack(0x0000000026130000,0x0000000026230000)]
  0x0000000019d6b000 JavaThread "jar transforms Thread 149" [_thread_blocked, id=5356, stack(0x0000000026030000,0x0000000026130000)]
  0x0000000019d6e000 JavaThread "jar transforms Thread 148" [_thread_blocked, id=8340, stack(0x0000000025f30000,0x0000000026030000)]
  0x0000000019d6a800 JavaThread "jar transforms Thread 147" [_thread_blocked, id=8972, stack(0x0000000025e30000,0x0000000025f30000)]
  0x0000000019d70800 JavaThread "jar transforms Thread 146" [_thread_blocked, id=5960, stack(0x0000000025d30000,0x0000000025e30000)]
  0x0000000019d71000 JavaThread "jar transforms Thread 145" [_thread_blocked, id=11360, stack(0x0000000025c30000,0x0000000025d30000)]
  0x0000000019d6d800 JavaThread "jar transforms Thread 144" [_thread_blocked, id=3412, stack(0x0000000025b30000,0x0000000025c30000)]
  0x0000000019d63000 JavaThread "jar transforms Thread 143" [_thread_blocked, id=11244, stack(0x0000000025a30000,0x0000000025b30000)]
  0x0000000019d69800 JavaThread "jar transforms Thread 142" [_thread_blocked, id=11440, stack(0x0000000025930000,0x0000000025a30000)]
  0x0000000019d69000 JavaThread "jar transforms Thread 141" [_thread_blocked, id=5840, stack(0x0000000025830000,0x0000000025930000)]
  0x0000000019d62000 JavaThread "jar transforms Thread 140" [_thread_blocked, id=2788, stack(0x0000000025730000,0x0000000025830000)]
  0x0000000019d68000 JavaThread "jar transforms Thread 139" [_thread_blocked, id=10380, stack(0x0000000025630000,0x0000000025730000)]
  0x0000000019d66800 JavaThread "jar transforms Thread 138" [_thread_blocked, id=7940, stack(0x0000000025530000,0x0000000025630000)]
  0x0000000019d67800 JavaThread "jar transforms Thread 137" [_thread_blocked, id=9188, stack(0x0000000025430000,0x0000000025530000)]
  0x0000000019d66000 JavaThread "jar transforms Thread 136" [_thread_blocked, id=12168, stack(0x0000000025330000,0x0000000025430000)]
  0x0000000019d63800 JavaThread "jar transforms Thread 135" [_thread_blocked, id=3776, stack(0x0000000025230000,0x0000000025330000)]
  0x0000000019d65000 JavaThread "jar transforms Thread 134" [_thread_blocked, id=1160, stack(0x0000000025130000,0x0000000025230000)]
  0x0000000019d64800 JavaThread "jar transforms Thread 133" [_thread_blocked, id=3584, stack(0x0000000025030000,0x0000000025130000)]
  0x000000001e99b800 JavaThread "jar transforms Thread 132" [_thread_blocked, id=9160, stack(0x0000000024f30000,0x0000000025030000)]
  0x000000001e99b000 JavaThread "jar transforms Thread 131" [_thread_blocked, id=1424, stack(0x0000000024e30000,0x0000000024f30000)]
  0x000000001e99a000 JavaThread "jar transforms Thread 130" [_thread_blocked, id=5700, stack(0x0000000024d30000,0x0000000024e30000)]
  0x000000001e998800 JavaThread "jar transforms Thread 129" [_thread_blocked, id=6076, stack(0x0000000024c30000,0x0000000024d30000)]
  0x000000001e997000 JavaThread "jar transforms Thread 128" [_thread_blocked, id=5672, stack(0x0000000024b30000,0x0000000024c30000)]
  0x000000001e998000 JavaThread "jar transforms Thread 127" [_thread_blocked, id=2564, stack(0x0000000024a30000,0x0000000024b30000)]
  0x000000001e996800 JavaThread "jar transforms Thread 126" [_thread_blocked, id=4152, stack(0x0000000024930000,0x0000000024a30000)]
  0x000000001e999800 JavaThread "jar transforms Thread 125" [_thread_blocked, id=4408, stack(0x0000000024830000,0x0000000024930000)]
  0x000000001e995800 JavaThread "jar transforms Thread 124" [_thread_blocked, id=7324, stack(0x0000000024730000,0x0000000024830000)]
  0x000000001e98e000 JavaThread "jar transforms Thread 123" [_thread_blocked, id=5052, stack(0x0000000024630000,0x0000000024730000)]
  0x000000001e993800 JavaThread "jar transforms Thread 122" [_thread_blocked, id=3524, stack(0x0000000024530000,0x0000000024630000)]
  0x000000001e992800 JavaThread "jar transforms Thread 121" [_thread_blocked, id=1116, stack(0x0000000024430000,0x0000000024530000)]
  0x000000001e995000 JavaThread "jar transforms Thread 120" [_thread_blocked, id=3512, stack(0x0000000024330000,0x0000000024430000)]
  0x000000001e990000 JavaThread "jar transforms Thread 119" [_thread_blocked, id=9728, stack(0x0000000024230000,0x0000000024330000)]
  0x000000001e98f800 JavaThread "jar transforms Thread 118" [_thread_blocked, id=11392, stack(0x0000000024130000,0x0000000024230000)]
  0x000000001e98d000 JavaThread "jar transforms Thread 117" [_thread_blocked, id=8212, stack(0x00000000233c0000,0x00000000234c0000)]
  0x000000001e991000 JavaThread "jar transforms Thread 116" [_thread_blocked, id=9508, stack(0x00000000228b0000,0x00000000229b0000)]
  0x000000001e98e800 JavaThread "jar transforms Thread 115" [_thread_blocked, id=6876, stack(0x00000000227b0000,0x00000000228b0000)]
  0x000000001e994000 JavaThread "jar transforms Thread 114" [_thread_blocked, id=10688, stack(0x00000000226b0000,0x00000000227b0000)]
  0x000000001e992000 JavaThread "jar transforms Thread 113" [_thread_blocked, id=7288, stack(0x00000000225b0000,0x00000000226b0000)]
  0x000000001e98c800 JavaThread "jar transforms Thread 112" [_thread_blocked, id=7472, stack(0x00000000224b0000,0x00000000225b0000)]
  0x0000000017753000 JavaThread "jar transforms Thread 111" [_thread_blocked, id=1564, stack(0x00000000223b0000,0x00000000224b0000)]
  0x000000001774f000 JavaThread "jar transforms Thread 110" [_thread_blocked, id=5988, stack(0x00000000222b0000,0x00000000223b0000)]
  0x0000000017750000 JavaThread "jar transforms Thread 109" [_thread_blocked, id=2720, stack(0x00000000221b0000,0x00000000222b0000)]
  0x000000001774e800 JavaThread "jar transforms Thread 108" [_thread_blocked, id=696, stack(0x00000000220b0000,0x00000000221b0000)]
  0x000000001774d800 JavaThread "jar transforms Thread 107" [_thread_blocked, id=3220, stack(0x0000000021fb0000,0x00000000220b0000)]
  0x0000000017751800 JavaThread "jar transforms Thread 106" [_thread_blocked, id=11504, stack(0x0000000021eb0000,0x0000000021fb0000)]
  0x000000001774d000 JavaThread "jar transforms Thread 105" [_thread_blocked, id=388, stack(0x0000000021db0000,0x0000000021eb0000)]
  0x000000001b450000 JavaThread "jar transforms Thread 104" [_thread_blocked, id=916, stack(0x0000000021cb0000,0x0000000021db0000)]
  0x000000001b44f800 JavaThread "jar transforms Thread 103" [_thread_blocked, id=5940, stack(0x0000000021bb0000,0x0000000021cb0000)]
  0x000000001b44e000 JavaThread "jar transforms Thread 102" [_thread_blocked, id=804, stack(0x0000000021ab0000,0x0000000021bb0000)]
  0x000000001b44c800 JavaThread "jar transforms Thread 101" [_thread_blocked, id=6208, stack(0x00000000219b0000,0x0000000021ab0000)]
  0x000000001b44b800 JavaThread "jar transforms Thread 100" [_thread_blocked, id=6656, stack(0x00000000218b0000,0x00000000219b0000)]
  0x000000001b44e800 JavaThread "jar transforms Thread 99" [_thread_blocked, id=588, stack(0x00000000217b0000,0x00000000218b0000)]
  0x000000001b44b000 JavaThread "jar transforms Thread 98" [_thread_blocked, id=2028, stack(0x00000000216b0000,0x00000000217b0000)]
  0x000000001b44a000 JavaThread "jar transforms Thread 97" [_thread_blocked, id=5944, stack(0x00000000215b0000,0x00000000216b0000)]
  0x000000001b44d000 JavaThread "jar transforms Thread 96" [_thread_blocked, id=12016, stack(0x00000000214b0000,0x00000000215b0000)]
  0x000000001b442800 JavaThread "jar transforms Thread 95" [_thread_blocked, id=6012, stack(0x00000000213b0000,0x00000000214b0000)]
  0x000000001b449800 JavaThread "jar transforms Thread 94" [_thread_blocked, id=6904, stack(0x00000000212b0000,0x00000000213b0000)]
  0x000000001b446800 JavaThread "jar transforms Thread 93" [_thread_blocked, id=8636, stack(0x00000000211b0000,0x00000000212b0000)]
  0x0000000019ddf800 JavaThread "Daemon worker Thread 2" [_thread_blocked, id=6600, stack(0x000000001c470000,0x000000001c570000)]
  0x0000000019dda800 JavaThread "Daemon Thread 2" [_thread_blocked, id=4516, stack(0x0000000000cf0000,0x0000000000df0000)]
  0x0000000019ddc000 JavaThread "Memory manager" [_thread_blocked, id=4412, stack(0x0000000028830000,0x0000000028930000)]
  0x000000001b448000 JavaThread "Cache worker for file content cache (C:\Users\home\.gradle\caches\6.5\fileContent)" [_thread_blocked, id=6464, stack(0x00000000232c0000,0x00000000233c0000)]
  0x000000001b445000 JavaThread "Cache worker for execution history cache (C:\Users\home\.gradle\caches\6.5\executionHistory)" [_thread_blocked, id=6572, stack(0x0000000022dc0000,0x0000000022ec0000)]
  0x000000001774c000 JavaThread "Cache worker for file hash cache (C:\Users\home\.gradle\caches\6.5\fileHashes)" [_thread_blocked, id=7952, stack(0x000000001d7b0000,0x000000001d8b0000)]
  0x0000000017750800 JavaThread "File lock request listener" [_thread_in_native, id=10284, stack(0x000000001d6b0000,0x000000001d7b0000)]
  0x000000001982d800 JavaThread "Cache worker for journal cache (C:\Users\home\.gradle\caches\journal-1)" [_thread_blocked, id=11640, stack(0x000000001d4b0000,0x000000001d5b0000)]
  0x000000001b12d800 JavaThread "Daemon periodic checks" [_thread_blocked, id=3940, stack(0x000000001c8b0000,0x000000001c9b0000)]
  0x000000001b0e3800 JavaThread "Incoming local TCP Connector on port 51356" [_thread_in_native, id=1156, stack(0x000000001c670000,0x000000001c770000)]
  0x000000001b098000 JavaThread "Daemon health stats" [_thread_blocked, id=1580, stack(0x000000001c030000,0x000000001c130000)]
  0x000000001778e800 JavaThread "Service Thread" daemon [_thread_blocked, id=10660, stack(0x0000000019490000,0x0000000019590000)]
  0x0000000017752000 JavaThread "C1 CompilerThread2" daemon [_thread_blocked, id=4636, stack(0x0000000018f90000,0x0000000019090000)]
  0x000000001773d800 JavaThread "C2 CompilerThread1" daemon [_thread_in_native, id=12244, stack(0x0000000018e90000,0x0000000018f90000)]
=>0x0000000017739000 JavaThread "C2 CompilerThread0" daemon [_thread_in_native, id=3980, stack(0x0000000018d90000,0x0000000018e90000)]
  0x0000000017738800 JavaThread "Attach Listener" daemon [_thread_blocked, id=7116, stack(0x0000000018c90000,0x0000000018d90000)]
  0x0000000017734000 JavaThread "Signal Dispatcher" daemon [_thread_blocked, id=3676, stack(0x0000000018b90000,0x0000000018c90000)]
  0x000000001771a000 JavaThread "Finalizer" daemon [_thread_blocked, id=10640, stack(0x0000000018990000,0x0000000018a90000)]
  0x0000000017719800 JavaThread "Reference Handler" daemon [_thread_blocked, id=5272, stack(0x0000000018890000,0x0000000018990000)]
  0x000000000111e000 JavaThread "main" [_thread_blocked, id=8400, stack(0x0000000002910000,0x0000000002a10000)]

Other Threads:
  0x00000000176f6800 VMThread [stack: 0x0000000018790000,0x0000000018890000] [id=7296]
  0x00000000190e9000 WatcherThread [stack: 0x0000000019590000,0x0000000019690000] [id=5184]

VM state:not at safepoint (normal execution)

VM Mutex/Monitor currently owned by a thread: None

heap address: 0x0000000080000000, size: 2048 MB, Compressed Oops mode: 32-bit
Narrow klass base: 0x0000000000000000, Narrow klass shift: 3
Compressed class space size: 1073741824 Address: 0x0000000100000000

Heap:
 PSYoungGen      total 410624K, used 82826K [0x00000000d5580000, 0x00000000f0800000, 0x0000000100000000)
  eden space 376320K, 22% used [0x00000000d5580000,0x00000000da662bd0,0x00000000ec500000)
  from space 34304K, 0% used [0x00000000ec500000,0x00000000ec500000,0x00000000ee680000)
  to   space 28160K, 0% used [0x00000000eec80000,0x00000000eec80000,0x00000000f0800000)
 ParOldGen       total 238080K, used 49508K [0x0000000080000000, 0x000000008e880000, 0x00000000d5580000)
  object space 238080K, 20% used [0x0000000080000000,0x0000000083059098,0x000000008e880000)
 Metaspace       used 93618K, capacity 97683K, committed 98752K, reserved 1134592K
  class space    used 12204K, capacity 13062K, committed 13288K, reserved 1048576K

Card table byte_map: [0x0000000011ed0000,0x00000000122e0000] byte_map_base: 0x0000000011ad0000

Marking Bits: (ParMarkBitMap*) 0x00000000591bf030
 Begin Bits: [0x0000000012990000, 0x0000000014990000)
 End Bits:   [0x0000000014990000, 0x0000000016990000)

Polling page: 0x0000000001040000

CodeCache: size=245760Kb used=39606Kb max_used=39667Kb free=206153Kb
 bounds [0x0000000002b10000, 0x0000000005210000, 0x0000000011b10000]
 total_blobs=13006 nmethods=12027 adapters=889
 compilation: enabled

Compilation events (10 events):
Event: 4055.651 Thread 0x0000000017752000 14481       3       sun.nio.cs.UTF_8$Decoder::decodeArrayLoop (691 bytes)
Event: 4055.658 Thread 0x0000000017752000 nmethod 14481 0x00000000051f76d0 code [0x00000000051f8020, 0x00000000051fe868]
Event: 4055.659 Thread 0x0000000017752000 14482       3       sun.nio.fs.WindowsPath::subpath (155 bytes)
Event: 4055.661 Thread 0x0000000017752000 nmethod 14482 0x0000000004fd50d0 code [0x0000000004fd5380, 0x0000000004fd6848]
Event: 4055.679 Thread 0x0000000017752000 14483       3       sun.nio.fs.NativeBuffer$Deallocator::run (11 bytes)
Event: 4055.679 Thread 0x0000000017752000 nmethod 14483 0x0000000003c4e810 code [0x0000000003c4e980, 0x0000000003c4ebe8]
Event: 4055.683 Thread 0x0000000017752000 14484       3       org.gradle.internal.serialize.BaseSerializerFactory$LongSerializer::write (10 bytes)
Event: 4055.683 Thread 0x0000000017752000 nmethod 14484 0x000000000428c0d0 code [0x000000000428c260, 0x000000000428c6c8]
Event: 4055.684 Thread 0x0000000017752000 14485       3       org.gradle.cache.internal.btree.BTreePersistentIndexedCache$DataBlock::useNewValue (57 bytes)
Event: 4055.684 Thread 0x0000000017752000 nmethod 14485 0x00000000050c0210 code [0x00000000050c03e0, 0x00000000050c09e8]

GC Heap History (10 events):
Event: 13.269 GC heap before
{Heap before GC invocations=13 (full 3):
 PSYoungGen      total 284160K, used 268800K [0x00000000d5580000, 0x00000000ec980000, 0x0000000100000000)
  eden space 268800K, 100% used [0x00000000d5580000,0x00000000e5c00000,0x00000000e5c00000)
  from space 15360K, 0% used [0x00000000e5c00000,0x00000000e5c00000,0x00000000e6b00000)
  to   space 22528K, 0% used [0x00000000eb380000,0x00000000eb380000,0x00000000ec980000)
 ParOldGen       total 177152K, used 40787K [0x0000000080000000, 0x000000008ad00000, 0x00000000d5580000)
  object space 177152K, 23% used [0x0000000080000000,0x00000000827d4d28,0x000000008ad00000)
 Metaspace       used 72859K, capacity 76254K, committed 76376K, reserved 1116160K
  class space    used 9929K, capacity 10584K, committed 10624K, reserved 1048576K
Event: 13.300 GC heap after
Heap after GC invocations=13 (full 3):
 PSYoungGen      total 347648K, used 22516K [0x00000000d5580000, 0x00000000ec980000, 0x0000000100000000)
  eden space 325120K, 0% used [0x00000000d5580000,0x00000000d5580000,0x00000000e9300000)
  from space 22528K, 99% used [0x00000000eb380000,0x00000000ec97d3c8,0x00000000ec980000)
  to   space 26624K, 0% used [0x00000000e9580000,0x00000000e9580000,0x00000000eaf80000)
 ParOldGen       total 177152K, used 42824K [0x0000000080000000, 0x000000008ad00000, 0x00000000d5580000)
  object space 177152K, 24% used [0x0000000080000000,0x00000000829d2298,0x000000008ad00000)
 Metaspace       used 72859K, capacity 76254K, committed 76376K, reserved 1116160K
  class space    used 9929K, capacity 10584K, committed 10624K, reserved 1048576K
}
Event: 4028.260 GC heap before
{Heap before GC invocations=14 (full 3):
 PSYoungGen      total 347648K, used 347636K [0x00000000d5580000, 0x00000000ec980000, 0x0000000100000000)
  eden space 325120K, 100% used [0x00000000d5580000,0x00000000e9300000,0x00000000e9300000)
  from space 22528K, 99% used [0x00000000eb380000,0x00000000ec97d3c8,0x00000000ec980000)
  to   space 26624K, 0% used [0x00000000e9580000,0x00000000e9580000,0x00000000eaf80000)
 ParOldGen       total 177152K, used 42824K [0x0000000080000000, 0x000000008ad00000, 0x00000000d5580000)
  object space 177152K, 24% used [0x0000000080000000,0x00000000829d2298,0x000000008ad00000)
 Metaspace       used 85647K, capacity 89770K, committed 90072K, reserved 1126400K
  class space    used 11342K, capacity 12218K, committed 12288K, reserved 1048576K
Event: 4028.348 GC heap after
Heap after GC invocations=14 (full 3):
 PSYoungGen      total 354304K, used 26601K [0x00000000d5580000, 0x00000000f0f80000, 0x0000000100000000)
  eden space 327680K, 0% used [0x00000000d5580000,0x00000000d5580000,0x00000000e9580000)
  from space 26624K, 99% used [0x00000000e9580000,0x00000000eaf7a618,0x00000000eaf80000)
  to   space 35840K, 0% used [0x00000000eec80000,0x00000000eec80000,0x00000000f0f80000)
 ParOldGen       total 177152K, used 57379K [0x0000000080000000, 0x000000008ad00000, 0x00000000d5580000)
  object space 177152K, 32% used [0x0000000080000000,0x0000000083808cb8,0x000000008ad00000)
 Metaspace       used 85647K, capacity 89770K, committed 90072K, reserved 1126400K
  class space    used 11342K, capacity 12218K, committed 12288K, reserved 1048576K
}
Event: 4038.762 GC heap before
{Heap before GC invocations=15 (full 3):
 PSYoungGen      total 354304K, used 354281K [0x00000000d5580000, 0x00000000f0f80000, 0x0000000100000000)
  eden space 327680K, 100% used [0x00000000d5580000,0x00000000e9580000,0x00000000e9580000)
  from space 26624K, 99% used [0x00000000e9580000,0x00000000eaf7a618,0x00000000eaf80000)
  to   space 35840K, 0% used [0x00000000eec80000,0x00000000eec80000,0x00000000f0f80000)
 ParOldGen       total 177152K, used 57379K [0x0000000080000000, 0x000000008ad00000, 0x00000000d5580000)
  object space 177152K, 32% used [0x0000000080000000,0x0000000083808cb8,0x000000008ad00000)
 Metaspace       used 93613K, capacity 98086K, committed 98136K, reserved 1134592K
  class space    used 12247K, capacity 13182K, committed 13184K, reserved 1048576K
Event: 4038.821 GC heap after
Heap after GC invocations=15 (full 3):
 PSYoungGen      total 404480K, used 17864K [0x00000000d5580000, 0x00000000f0800000, 0x0000000100000000)
  eden space 376320K, 0% used [0x00000000d5580000,0x00000000d5580000,0x00000000ec500000)
  from space 28160K, 63% used [0x00000000eec80000,0x00000000efdf23c8,0x00000000f0800000)
  to   space 34304K, 0% used [0x00000000ec500000,0x00000000ec500000,0x00000000ee680000)
 ParOldGen       total 177152K, used 72971K [0x0000000080000000, 0x000000008ad00000, 0x00000000d5580000)
  object space 177152K, 41% used [0x0000000080000000,0x0000000084742c10,0x000000008ad00000)
 Metaspace       used 93613K, capacity 98086K, committed 98136K, reserved 1134592K
  class space    used 12247K, capacity 13182K, committed 13184K, reserved 1048576K
}
Event: 4039.151 GC heap before
{Heap before GC invocations=16 (full 3):
 PSYoungGen      total 404480K, used 41412K [0x00000000d5580000, 0x00000000f0800000, 0x0000000100000000)
  eden space 376320K, 6% used [0x00000000d5580000,0x00000000d6c7eca0,0x00000000ec500000)
  from space 28160K, 63% used [0x00000000eec80000,0x00000000efdf23c8,0x00000000f0800000)
  to   space 34304K, 0% used [0x00000000ec500000,0x00000000ec500000,0x00000000ee680000)
 ParOldGen       total 177152K, used 72971K [0x0000000080000000, 0x000000008ad00000, 0x00000000d5580000)
  object space 177152K, 41% used [0x0000000080000000,0x0000000084742c10,0x000000008ad00000)
 Metaspace       used 93874K, capacity 98439K, committed 98496K, reserved 1134592K
  class space    used 12288K, capacity 13231K, committed 13288K, reserved 1048576K
Event: 4039.171 GC heap after
Heap after GC invocations=16 (full 3):
 PSYoungGen      total 410624K, used 11047K [0x00000000d5580000, 0x00000000f0800000, 0x0000000100000000)
  eden space 376320K, 0% used [0x00000000d5580000,0x00000000d5580000,0x00000000ec500000)
  from space 34304K, 32% used [0x00000000ec500000,0x00000000ecfc9c68,0x00000000ee680000)
  to   space 28160K, 0% used [0x00000000eec80000,0x00000000eec80000,0x00000000f0800000)
 ParOldGen       total 177152K, used 72979K [0x0000000080000000, 0x000000008ad00000, 0x00000000d5580000)
  object space 177152K, 41% used [0x0000000080000000,0x0000000084744c10,0x000000008ad00000)
 Metaspace       used 93874K, capacity 98439K, committed 98496K, reserved 1134592K
  class space    used 12288K, capacity 13231K, committed 13288K, reserved 1048576K
}
Event: 4039.171 GC heap before
{Heap before GC invocations=17 (full 4):
 PSYoungGen      total 410624K, used 11047K [0x00000000d5580000, 0x00000000f0800000, 0x0000000100000000)
  eden space 376320K, 0% used [0x00000000d5580000,0x00000000d5580000,0x00000000ec500000)
  from space 34304K, 32% used [0x00000000ec500000,0x00000000ecfc9c68,0x00000000ee680000)
  to   space 28160K, 0% used [0x00000000eec80000,0x00000000eec80000,0x00000000f0800000)
 ParOldGen       total 177152K, used 72979K [0x0000000080000000, 0x000000008ad00000, 0x00000000d5580000)
  object space 177152K, 41% used [0x0000000080000000,0x0000000084744c10,0x000000008ad00000)
 Metaspace       used 93874K, capacity 98439K, committed 98496K, reserved 1134592K
  class space    used 12288K, capacity 13231K, committed 13288K, reserved 1048576K
Event: 4039.778 GC heap after
Heap after GC invocations=17 (full 4):
 PSYoungGen      total 410624K, used 0K [0x00000000d5580000, 0x00000000f0800000, 0x0000000100000000)
  eden space 376320K, 0% used [0x00000000d5580000,0x00000000d5580000,0x00000000ec500000)
  from space 34304K, 0% used [0x00000000ec500000,0x00000000ec500000,0x00000000ee680000)
  to   space 28160K, 0% used [0x00000000eec80000,0x00000000eec80000,0x00000000f0800000)
 ParOldGen       total 238080K, used 49508K [0x0000000080000000, 0x000000008e880000, 0x00000000d5580000)
  object space 238080K, 20% used [0x0000000080000000,0x0000000083059098,0x000000008e880000)
 Metaspace       used 93018K, capacity 96869K, committed 98496K, reserved 1134592K
  class space    used 12116K, capacity 12919K, committed 13288K, reserved 1048576K
}

Deoptimization events (10 events):
Event: 4055.371 Thread 0x0000000019ddf800 Uncommon trap: reason=class_check action=maybe_recompile pc=0x0000000004ad32b0 method=com.sun.org.apache.xerces.internal.parsers.AbstractSAXParser.characters(Lcom/sun/org/apache/xerces/internal/xni/XMLString;Lcom/sun/org/apache/xerces/internal/xni/Augment
Event: 4055.371 Thread 0x0000000019ddf800 Uncommon trap: reason=class_check action=maybe_recompile pc=0x0000000004ad32b0 method=com.sun.org.apache.xerces.internal.parsers.AbstractSAXParser.characters(Lcom/sun/org/apache/xerces/internal/xni/XMLString;Lcom/sun/org/apache/xerces/internal/xni/Augment
Event: 4055.371 Thread 0x0000000019ddf800 Uncommon trap: reason=class_check action=maybe_recompile pc=0x0000000004ad32b0 method=com.sun.org.apache.xerces.internal.parsers.AbstractSAXParser.characters(Lcom/sun/org/apache/xerces/internal/xni/XMLString;Lcom/sun/org/apache/xerces/internal/xni/Augment
Event: 4055.378 Thread 0x0000000019ddf800 Uncommon trap: reason=class_check action=maybe_recompile pc=0x0000000004cc7e3c method=com.sun.org.apache.xerces.internal.impl.XMLDocumentFragmentScannerImpl.setProperty(Ljava/lang/String;Ljava/lang/Object;)V @ 73
Event: 4055.378 Thread 0x0000000019ddf800 Uncommon trap: reason=class_check action=maybe_recompile pc=0x0000000004c77690 method=com.sun.org.apache.xerces.internal.impl.XMLEntityManager.setProperty(Ljava/lang/String;Ljava/lang/Object;)V @ 102
Event: 4055.484 Thread 0x0000000019de2000 Uncommon trap: reason=class_check action=maybe_recompile pc=0x0000000004cc7e3c method=com.sun.org.apache.xerces.internal.impl.XMLDocumentFragmentScannerImpl.setProperty(Ljava/lang/String;Ljava/lang/Object;)V @ 73
Event: 4055.484 Thread 0x0000000019de2000 Uncommon trap: reason=class_check action=maybe_recompile pc=0x0000000004c77690 method=com.sun.org.apache.xerces.internal.impl.XMLEntityManager.setProperty(Ljava/lang/String;Ljava/lang/Object;)V @ 102
Event: 4055.604 Thread 0x000000002c3d9000 Uncommon trap: reason=unstable_if action=reinterpret pc=0x0000000002f21b20 method=org.gradle.internal.snapshot.VfsRelativePath.lengthOfCommonPrefix(Ljava/lang/String;Lorg/gradle/internal/snapshot/CaseSensitivity;)I @ 165
Event: 4055.626 Thread 0x000000002c3d9000 Uncommon trap: reason=unstable_if action=reinterpret pc=0x0000000005044300 method=java.util.concurrent.ConcurrentHashMap.addCount(JI)V @ 272
Event: 4055.635 Thread 0x000000002c3d5800 Uncommon trap: reason=unstable_if action=reinterpret pc=0x0000000004252c38 method=java.util.concurrent.ConcurrentLinkedQueue.poll()Ljava/lang/Object; @ 25

Classes redefined (0 events):
No events

Internal exceptions (10 events):
Event: 4054.972 Thread 0x000000002c3d1000 Exception <a 'java/lang/NoSuchMethodError': <clinit>> (0x00000000d6e6da48) thrown at [C:\src\AOSP-openjdk-git\hotspot\src\share\vm\prims\jni.cpp, line 1615]
Event: 4054.982 Thread 0x000000002c3d1000 Exception <a 'java/lang/NoSuchMethodError': <clinit>> (0x00000000d6e7cc58) thrown at [C:\src\AOSP-openjdk-git\hotspot\src\share\vm\prims\jni.cpp, line 1615]
Event: 4054.983 Thread 0x000000002c3d1000 Exception <a 'java/lang/NoSuchMethodError': <clinit>> (0x00000000d6e7fd78) thrown at [C:\src\AOSP-openjdk-git\hotspot\src\share\vm\prims\jni.cpp, line 1615]
Event: 4055.229 Thread 0x000000002c3d1000 Exception <a 'java/lang/NoSuchMethodError': <clinit>> (0x00000000d6e8a900) thrown at [C:\src\AOSP-openjdk-git\hotspot\src\share\vm\prims\jni.cpp, line 1615]
Event: 4055.232 Thread 0x000000002c3d1000 Exception <a 'java/lang/NoSuchMethodError': <clinit>> (0x00000000d8c372b0) thrown at [C:\src\AOSP-openjdk-git\hotspot\src\share\vm\prims\jni.cpp, line 1615]
Event: 4055.232 Thread 0x000000002c3d1000 Exception <a 'java/lang/NoSuchMethodError': <clinit>> (0x00000000d8c38738) thrown at [C:\src\AOSP-openjdk-git\hotspot\src\share\vm\prims\jni.cpp, line 1615]
Event: 4055.232 Thread 0x000000002c3d1000 Exception <a 'java/lang/NoSuchMethodError': <clinit>> (0x00000000d8c3a030) thrown at [C:\src\AOSP-openjdk-git\hotspot\src\share\vm\prims\jni.cpp, line 1615]
Event: 4055.232 Thread 0x000000002c3d1000 Exception <a 'java/lang/NoSuchMethodError': <clinit>> (0x00000000d8c432c8) thrown at [C:\src\AOSP-openjdk-git\hotspot\src\share\vm\prims\jni.cpp, line 1615]
Event: 4055.236 Thread 0x000000002c3d1000 Exception <a 'java/lang/NoSuchMethodError': <clinit>> (0x00000000d8c56820) thrown at [C:\src\AOSP-openjdk-git\hotspot\src\share\vm\prims\jni.cpp, line 1615]
Event: 4055.368 Thread 0x0000000019ddf800 Exception <a 'sun/nio/fs/WindowsException'> (0x00000000d94ed3b8) thrown at [C:\src\AOSP-openjdk-git\hotspot\src\share\vm\prims\jni.cpp, line 710]

Events (10 events):
Event: 4055.608 Executing VM operation: RevokeBias
Event: 4055.609 Executing VM operation: RevokeBias done
Event: 4055.609 Executing VM operation: RevokeBias
Event: 4055.609 Executing VM operation: RevokeBias done
Event: 4055.626 Thread 0x000000002c3d9000 Uncommon trap: trap_request=0xffffff65 fr.pc=0x0000000005044300
Event: 4055.626 Thread 0x000000002c3d9000 DEOPT PACKING pc=0x0000000005044300 sp=0x000000001fb4ca80
Event: 4055.626 Thread 0x000000002c3d9000 DEOPT UNPACKING pc=0x0000000002b5557b sp=0x000000001fb4c970 mode 2
Event: 4055.635 Thread 0x000000002c3d5800 Uncommon trap: trap_request=0xffffff65 fr.pc=0x0000000004252c38
Event: 4055.635 Thread 0x000000002c3d5800 DEOPT PACKING pc=0x0000000004252c38 sp=0x000000001d2ad510
Event: 4055.635 Thread 0x000000002c3d5800 DEOPT UNPACKING pc=0x0000000002b5557b sp=0x000000001d2ad4a0 mode 2


Dynamic libraries:
0x00007ff7d4a70000 - 0x00007ff7d4aa1000 	C:\Program Files\Android\Android Studio\jre\bin\java.exe
0x00007ffe52740000 - 0x00007ffe52930000 	C:\WINDOWS\SYSTEM32\ntdll.dll
0x00007ffe50950000 - 0x00007ffe50a02000 	C:\WINDOWS\System32\KERNEL32.DLL
0x00007ffe50540000 - 0x00007ffe507e4000 	C:\WINDOWS\System32\KERNELBASE.dll
0x00007ffe51b80000 - 0x00007ffe51c23000 	C:\WINDOWS\System32\ADVAPI32.dll
0x00007ffe52590000 - 0x00007ffe5262e000 	C:\WINDOWS\System32\msvcrt.dll
0x00007ffe50b60000 - 0x00007ffe50bf7000 	C:\WINDOWS\System32\sechost.dll
0x00007ffe51a30000 - 0x00007ffe51b50000 	C:\WINDOWS\System32\RPCRT4.dll
0x00007ffe51810000 - 0x00007ffe519a4000 	C:\WINDOWS\System32\USER32.dll
0x00007ffe501c0000 - 0x00007ffe501e1000 	C:\WINDOWS\System32\win32u.dll
0x00007ffe51b50000 - 0x00007ffe51b76000 	C:\WINDOWS\System32\GDI32.dll
0x00007ffe4fe80000 - 0x00007ffe50014000 	C:\WINDOWS\System32\gdi32full.dll
0x00007ffe50020000 - 0x00007ffe500be000 	C:\WINDOWS\System32\msvcp_win.dll
0x00007ffe50290000 - 0x00007ffe5038a000 	C:\WINDOWS\System32\ucrtbase.dll
0x00007ffe3fad0000 - 0x00007ffe3fd54000 	C:\WINDOWS\WinSxS\amd64_microsoft.windows.common-controls_6595b64144ccf1df_6.0.18362.836_none_e6c4b943130f18ed\COMCTL32.dll
0x00007ffe514d0000 - 0x00007ffe51806000 	C:\WINDOWS\System32\combase.dll
0x00007ffe501f0000 - 0x00007ffe50270000 	C:\WINDOWS\System32\bcryptPrimitives.dll
0x00007ffe51e10000 - 0x00007ffe51e3e000 	C:\WINDOWS\System32\IMM32.DLL
0x0000000059c50000 - 0x0000000059d22000 	C:\Program Files\Android\Android Studio\jre\jre\bin\msvcr100.dll
0x00000000589f0000 - 0x000000005923b000 	C:\Program Files\Android\Android Studio\jre\jre\bin\server\jvm.dll
0x00007ffe51d10000 - 0x00007ffe51d18000 	C:\WINDOWS\System32\PSAPI.DLL
0x00007ffe4c0b0000 - 0x00007ffe4c0d4000 	C:\WINDOWS\SYSTEM32\WINMM.dll
0x00007ffe39cf0000 - 0x00007ffe39cf9000 	C:\WINDOWS\SYSTEM32\WSOCK32.dll
0x00007ffe51d20000 - 0x00007ffe51d8f000 	C:\WINDOWS\System32\WS2_32.dll
0x00007ffe42720000 - 0x00007ffe4272a000 	C:\WINDOWS\SYSTEM32\VERSION.dll
0x00007ffe4c080000 - 0x00007ffe4c0ad000 	C:\WINDOWS\SYSTEM32\winmmbase.dll
0x00007ffe500c0000 - 0x00007ffe5010a000 	C:\WINDOWS\System32\cfgmgr32.dll
0x00007ffe4a8c0000 - 0x00007ffe4a8cf000 	C:\Program Files\Android\Android Studio\jre\jre\bin\verify.dll
0x00007ffe48fe0000 - 0x00007ffe49009000 	C:\Program Files\Android\Android Studio\jre\jre\bin\java.dll
0x00007ffe48fc0000 - 0x00007ffe48fd6000 	C:\Program Files\Android\Android Studio\jre\jre\bin\zip.dll
0x00007ffe50cb0000 - 0x00007ffe51394000 	C:\WINDOWS\System32\SHELL32.dll
0x00007ffe50c00000 - 0x00007ffe50ca9000 	C:\WINDOWS\System32\shcore.dll
0x00007ffe4f6d0000 - 0x00007ffe4fe4e000 	C:\WINDOWS\System32\windows.storage.dll
0x00007ffe4f610000 - 0x00007ffe4f633000 	C:\WINDOWS\System32\profapi.dll
0x00007ffe4f640000 - 0x00007ffe4f68a000 	C:\WINDOWS\System32\powrprof.dll
0x00007ffe4f600000 - 0x00007ffe4f610000 	C:\WINDOWS\System32\UMPDC.dll
0x00007ffe51450000 - 0x00007ffe514a2000 	C:\WINDOWS\System32\shlwapi.dll
0x00007ffe4f6b0000 - 0x00007ffe4f6c1000 	C:\WINDOWS\System32\kernel.appcore.dll
0x00007ffe50270000 - 0x00007ffe50287000 	C:\WINDOWS\System32\cryptsp.dll
0x00007ffe49250000 - 0x00007ffe4926a000 	C:\Program Files\Android\Android Studio\jre\jre\bin\net.dll
0x00007ffe4ee70000 - 0x00007ffe4eed7000 	C:\WINDOWS\system32\mswsock.dll
0x00007ffe49230000 - 0x00007ffe49243000 	C:\Program Files\Android\Android Studio\jre\jre\bin\nio.dll
0x00007ffe4a960000 - 0x00007ffe4a987000 	C:\Users\home\.gradle\native\f6784746aeab05261644944871eae4fe03e0ef1612fff0a4a95f87b438bc6780\windows-amd64\native-platform.dll
0x00007ffe48fb0000 - 0x00007ffe48fbd000 	C:\Program Files\Android\Android Studio\jre\jre\bin\management.dll
0x00007ffe4e9e0000 - 0x00007ffe4ea13000 	C:\WINDOWS\system32\rsaenh.dll
0x00007ffe4fe50000 - 0x00007ffe4fe76000 	C:\WINDOWS\System32\bcrypt.dll
0x00007ffe4f520000 - 0x00007ffe4f545000 	C:\WINDOWS\SYSTEM32\USERENV.dll
0x00007ffe4f040000 - 0x00007ffe4f04c000 	C:\WINDOWS\SYSTEM32\CRYPTBASE.dll
0x00007ffe4eb80000 - 0x00007ffe4ebba000 	C:\WINDOWS\SYSTEM32\IPHLPAPI.DLL
0x00007ffe50b50000 - 0x00007ffe50b58000 	C:\WINDOWS\System32\NSI.dll
0x00007ffe481c0000 - 0x00007ffe481d6000 	C:\WINDOWS\SYSTEM32\dhcpcsvc6.DLL
0x00007ffe48700000 - 0x00007ffe4871c000 	C:\WINDOWS\SYSTEM32\dhcpcsvc.DLL
0x00007ffe4ebc0000 - 0x00007ffe4ec8b000 	C:\WINDOWS\SYSTEM32\DNSAPI.dll
0x00007ffe494e0000 - 0x00007ffe494eb000 	C:\WINDOWS\SYSTEM32\WINNSI.DLL
0x00007ffe20570000 - 0x00007ffe2070c000 	C:\Program Files\Android\Android Studio\jre\jre\bin\awt.dll
0x00007ffe52630000 - 0x00007ffe526f4000 	C:\WINDOWS\System32\OLEAUT32.dll
0x00007ffe4dda0000 - 0x00007ffe4ddcd000 	C:\WINDOWS\SYSTEM32\dwmapi.dll
0x00007ffe4c610000 - 0x00007ffe4cbd0000 	C:\WINDOWS\SYSTEM32\d2d1.dll
0x00007ffe4d790000 - 0x00007ffe4d81f000 	C:\WINDOWS\SYSTEM32\apphelp.dll
0x00007ffe4d8d0000 - 0x00007ffe4d969000 	C:\WINDOWS\system32\uxtheme.dll

VM Arguments:
jvm_args: -Xmx2048m -Dfile.encoding=UTF-8 -Duser.country=US -Duser.language=en -Duser.variant 
java_command: org.gradle.launcher.daemon.bootstrap.GradleDaemon 6.5
java_class_path (initial): C:\Users\home\.gradle\wrapper\dists\gradle-6.5-bin\6nifqtx7604sqp1q6g8wikw7p\gradle-6.5\lib\gradle-launcher-6.5.jar
Launcher Type: SUN_STANDARD

Environment Variables:
JAVA_HOME=C:\Program Files\Java\jdk1.8.0_211
PATH=C:\Users\home\AppData\Roaming\Python\Python38\Scripts;C:\Program Files\Python38\;C:\Program Files\Common Files\Oracle\Java\javapath;C:\Program Files (x86)\Common Files\Oracle\Java\javapath;C:\WINDOWS\system32;C:\WINDOWS;C:\WINDOWS\System32\Wbem;C:\WINDOWS\System32\WindowsPowerShell\v1.0\;C:\WINDOWS\System32\OpenSSH\;C:\Program Files\Microsoft SQL Server\120\DTS\Binn\;C:\Program Files\Microsoft SQL Server\Client SDK\ODBC\110\Tools\Binn\;C:\Program Files (x86)\Microsoft SQL Server\120\Tools\Binn\;C:\Program Files\Microsoft SQL Server\120\Tools\Binn\;C:\Program Files (x86)\Microsoft SQL Server\120\Tools\Binn\ManagementStudio\;C:\Program Files (x86)\Microsoft SQL Server\120\DTS\Binn\;C:\Program Files\Git\cmd;C:\Program Files\nodejs\;C:\Program Files\Microsoft SQL Server\130\Tools\Binn\;C:\Program Files\Microsoft SQL Server\Client SDK\ODBC\170\Tools\Binn\;C:\Program Files\Java\jdk1.8.0_211\bin;C:\Program Files\Maven\apache-maven-3.6.3\bin;C:\Program Files\Java\jre1.8.0_211\bin;C:\Program Files\dotnet\;C:\Program Files\Java\jdk-11.0.9\bin;C:\Strawberry\c\bin;C:\Strawberry\perl\site\bin;C:\Strawberry\perl\bin;C:\Users\home\AppData\Local\Microsoft\WindowsApps;C:\Users\home\AppData\Local\Programs\Microsoft VS Code\bin;C:\Users\home\AppData\Roaming\npm;C:\src\flutter\bin;C:\Users\home\.dotnet\tools
USERNAME=home
OS=Windows_NT
PROCESSOR_IDENTIFIER=Intel64 Family 6 Model 78 Stepping 3, GenuineIntel



---------------  S Y S T E M  ---------------

OS: Windows 10.0 , 64 bit Build 18362 (10.0.18362.778)

CPU:total 4 (initial active 4) (2 cores per cpu, 2 threads per core) family 6 model 78 stepping 3, cmov, cx8, fxsr, mmx, sse, sse2, sse3, ssse3, sse4.1, sse4.2, popcnt, avx, avx2, aes, clmul, erms, 3dnowpref, lzcnt, ht, tsc, tscinvbit, bmi1, bmi2, adx

Memory: 4k page, physical 12472224k(1752108k free), swap 12472224k(5220k free)

vm_info: OpenJDK 64-Bit Server VM (25.242-b01) for windows-amd64 JRE (1.8.0_242-release-1644-b01), built by "builder" with MS VC++ 10.0 (VS2010)

time: Sat Sep 25 12:04:34 2021
timezone: Sri Lanka Standard Time
elapsed time: 4055 seconds (0d 1h 7m 35s)

